2025-07-14 04:12:40,385 - INFO - \u2705 Computed correlation matrix
2025-07-14 04:12:40,390 - INFO - \u2705 Completed weekday vs weekend analysis
2025-07-14 04:12:40,393 - INFO - \u2705 Completed seasonal pattern analysis
2025-07-14 04:12:40,399 - INFO - \u2705 Geographic overview computed
2025-07-14 04:12:40,406 - INFO - \u2705 Heatmap matrix created
2025-07-14 04:12:40,414 - INFO - \U0001f4c1 Analysis outputs saved to data/processed/
2025-07-14 04:31:55,358 - INFO - \u2705 Computed correlation matrix
2025-07-14 04:31:55,378 - INFO - \u2705 Completed weekday vs weekend analysis
2025-07-14 04:31:55,390 - INFO - \u2705 Completed seasonal pattern analysis
2025-07-14 04:31:55,414 - INFO - \u2705 Geographic overview computed
2025-07-14 04:31:55,447 - INFO - \u2705 Heatmap matrix created
2025-07-14 04:31:55,468 - INFO - \U0001f4c1 Analysis outputs saved to data/processed/
2025-07-14 04:36:23,385 - INFO - \u2705 Computed correlation matrix
2025-07-14 04:36:23,389 - INFO - \u2705 Completed weekday vs weekend analysis
2025-07-14 04:36:23,393 - INFO - \u2705 Completed seasonal pattern analysis
2025-07-14 04:36:23,398 - INFO - \u2705 Geographic overview computed
2025-07-14 04:36:23,406 - INFO - \u2705 Heatmap matrix created
2025-07-14 04:36:23,412 - INFO - \U0001f4c1 Analysis outputs saved to data/processed/
2025-07-14 04:50:05,534 - INFO - \u2705 Computed correlation matrix
2025-07-14 04:50:05,546 - INFO - \u2705 Completed weekday vs weekend analysis
2025-07-14 04:50:05,556 - INFO - \u2705 Completed seasonal pattern analysis
2025-07-14 04:50:05,570 - INFO - \u2705 Geographic overview computed
2025-07-14 04:50:05,582 - INFO - \u2705 Heatmap matrix created
2025-07-14 04:50:05,593 - INFO - \U0001f4c1 Analysis outputs saved to data/processed/
2025-07-14 04:54:53,013 - INFO - \u2705 Computed correlation matrix
2025-07-14 04:54:53,018 - INFO - \u2705 Completed weekday vs weekend analysis
2025-07-14 04:54:53,022 - INFO - \u2705 Completed seasonal pattern analysis
2025-07-14 04:54:53,032 - INFO - \u2705 Geographic overview computed
2025-07-14 04:54:53,041 - INFO - \u2705 Heatmap matrix created
2025-07-14 04:54:53,051 - INFO - \U0001f4c1 Analysis outputs saved to data/processed/
2025-07-14 05:05:39,792 - INFO - \u2705 Computed correlation matrix
2025-07-14 05:05:39,797 - INFO - \u2705 Completed weekday vs weekend analysis
2025-07-14 05:05:39,800 - INFO - \u2705 Completed seasonal pattern analysis
2025-07-14 05:05:39,805 - INFO - \u2705 Geographic overview computed
2025-07-14 05:05:39,813 - INFO - \u2705 Heatmap matrix created
2025-07-14 05:05:39,819 - INFO - \U0001f4c1 Analysis outputs saved to data/processed/
