2025-07-06 06:59:43,485 - INFO - ⚙️ Data processor started.
2025-07-06 06:59:43,488 - ERROR - ❌ Data processing failed: No columns to parse from file
2025-07-09 17:59:36,479 - INFO - ⚙️ Data processor started.
2025-07-09 17:59:36,480 - INFO - 🔄 Starting data processing...
2025-07-09 17:59:36,502 - INFO - ✅ Raw data loaded
2025-07-09 17:59:36,538 - INFO - 🔗 Merged dataset shape: (450, 9)
2025-07-09 17:59:36,543 - INFO - 🧹 After dropping nulls: 450 rows
2025-07-09 17:59:36,554 - WARNING - ⚡ Energy issues found: 70 rows
2025-07-09 17:59:36,559 - INFO - ⏱️ Data freshness: 85 days since last record
2025-07-09 17:59:36,567 - INFO - 📋 Data quality report saved to data/processed/data_quality_report.csv
2025-07-09 17:59:36,591 - INFO - ✅ Cleaned data saved to data/processed/merged_data.csv
2025-07-09 17:59:36,592 - INFO - ✅ Processing completed successfully. Rows: 450
2025-07-10 17:24:10,096 - INFO - \u2699\ufe0f Data processor started.
2025-07-10 17:24:10,096 - INFO - \U0001f504 Starting data processing...
2025-07-10 17:24:10,125 - INFO - \u2705 Raw data loaded
2025-07-10 17:24:10,137 - INFO - \U0001f9ee Weather rows after deduplication: 450
2025-07-10 17:24:10,137 - INFO - \U0001f9ee Energy rows after deduplication: 25
2025-07-10 17:24:10,143 - INFO - \U0001f517 Merged dataset shape: (25, 9)
2025-07-10 17:24:10,144 - INFO - \U0001f9f9 After dropping nulls: 25 rows
2025-07-10 17:24:10,148 - INFO - \u23f1\ufe0f Data freshness: 85 days since last record
2025-07-10 17:24:10,151 - INFO - \U0001f4cb Data quality report saved to data/processed/data_quality_report.csv
2025-07-10 17:24:10,152 - INFO - \u2705 Cleaned data saved to data/processed/merged_data.csv
2025-07-10 17:24:10,153 - INFO - \u2705 Processing completed successfully. Rows: 25
2025-07-10 17:44:48,508 - INFO - \u2699\ufe0f Data processor started.
2025-07-10 17:44:48,508 - INFO - \U0001f504 Starting data processing...
2025-07-10 17:44:48,526 - INFO - \u2705 Loaded weather files: 5, energy files: 5
2025-07-10 17:44:48,536 - INFO - \U0001f9ee Weather rows after deduplication: 450
2025-07-10 17:44:48,536 - INFO - \U0001f9ee Energy rows after deduplication: 25
2025-07-10 17:44:48,538 - INFO - \U0001f517 Merged dataset shape: (25, 9)
2025-07-10 17:44:48,539 - INFO - \U0001f9f9 After dropping nulls: 25 rows
2025-07-10 17:44:48,543 - INFO - \u23f1\ufe0f Data freshness: 85 days since last record
2025-07-10 17:44:48,547 - INFO - \U0001f4cb Data quality report saved to data/processed/data_quality_report.csv
2025-07-10 17:44:48,548 - INFO - \u2705 Cleaned data saved to data/processed/merged_data.csv
2025-07-10 17:44:48,549 - INFO - \u2705 Processing completed successfully. Rows: 25
2025-07-13 06:50:49,168 - INFO - \U0001f680 Starting full processing job
2025-07-13 06:50:49,192 - INFO - \u2705 Cleaned data saved: data/processed/chicago_cleaned.csv
2025-07-13 06:50:49,196 - WARNING - \U0001f4c6 chicago data is 4 days old (latest: 2025-07-09)
2025-07-13 06:50:49,198 - INFO - \U0001f4cb Quality report saved: data/processed/chicago_quality_report.csv
2025-07-13 06:50:49,223 - INFO - \u2705 Cleaned data saved: data/processed/houston_cleaned.csv
2025-07-13 06:50:49,226 - WARNING - \U0001f4c6 houston data is 3 days old (latest: 2025-07-10)
2025-07-13 06:50:49,227 - INFO - \U0001f4cb Quality report saved: data/processed/houston_quality_report.csv
2025-07-13 06:50:49,284 - INFO - \u2705 Cleaned data saved: data/processed/new_york_cleaned.csv
2025-07-13 06:50:49,288 - WARNING - \U0001f4c6 new_york data is 4 days old (latest: 2025-07-09)
2025-07-13 06:50:49,291 - INFO - \U0001f4cb Quality report saved: data/processed/new_york_quality_report.csv
2025-07-13 06:50:49,322 - INFO - \u2705 Cleaned data saved: data/processed/phoenix_cleaned.csv
2025-07-13 06:50:49,324 - WARNING - \U0001f4c6 phoenix data is 3 days old (latest: 2025-07-10)
2025-07-13 06:50:49,326 - INFO - \U0001f4cb Quality report saved: data/processed/phoenix_quality_report.csv
2025-07-13 06:50:49,358 - INFO - \u2705 Cleaned data saved: data/processed/seattle_cleaned.csv
2025-07-13 06:50:49,361 - WARNING - \U0001f4c6 seattle data is 3 days old (latest: 2025-07-10)
2025-07-13 06:50:49,363 - INFO - \U0001f4cb Quality report saved: data/processed/seattle_quality_report.csv
2025-07-13 06:50:49,363 - INFO - \U0001f3af Done! 5 cities processed.
2025-07-13 07:01:10,854 - INFO - \U0001f680 Starting full processing job
2025-07-13 07:01:10,871 - WARNING - \U0001f4c6 chicago data is 4 days old (latest: 2025-07-09)
2025-07-13 07:01:10,874 - INFO - \U0001f4cb Quality report saved: data/processed/chicago_quality_report.csv
2025-07-13 07:01:10,878 - INFO - \u2705 Cleaned data saved: data/processed/chicago_cleaned.csv
2025-07-13 07:01:10,889 - WARNING - \U0001f4c6 houston data is 3 days old (latest: 2025-07-10)
2025-07-13 07:01:10,890 - INFO - \U0001f4cb Quality report saved: data/processed/houston_quality_report.csv
2025-07-13 07:01:10,893 - INFO - \u2705 Cleaned data saved: data/processed/houston_cleaned.csv
2025-07-13 07:01:10,905 - WARNING - \U0001f4c6 new_york data is 4 days old (latest: 2025-07-09)
2025-07-13 07:01:10,907 - INFO - \U0001f4cb Quality report saved: data/processed/new_york_quality_report.csv
2025-07-13 07:01:10,910 - INFO - \u2705 Cleaned data saved: data/processed/new_york_cleaned.csv
2025-07-13 07:01:10,921 - WARNING - \U0001f4c6 phoenix data is 3 days old (latest: 2025-07-10)
2025-07-13 07:01:10,922 - INFO - \U0001f4cb Quality report saved: data/processed/phoenix_quality_report.csv
2025-07-13 07:01:10,925 - INFO - \u2705 Cleaned data saved: data/processed/phoenix_cleaned.csv
2025-07-13 07:01:10,936 - WARNING - \U0001f4c6 seattle data is 3 days old (latest: 2025-07-10)
2025-07-13 07:01:10,937 - INFO - \U0001f4cb Quality report saved: data/processed/seattle_quality_report.csv
2025-07-13 07:01:10,940 - INFO - \u2705 Cleaned data saved: data/processed/seattle_cleaned.csv
2025-07-13 07:01:10,940 - INFO - \U0001f3af Done! 5 cities processed.
2025-07-13 07:03:42,801 - INFO - \U0001f680 Starting full processing job
2025-07-13 07:03:42,817 - WARNING - \U0001f4c6 chicago data is 4 days old (latest: 2025-07-09)
2025-07-13 07:03:42,820 - INFO - \U0001f4cb Quality report saved: data/processed/chicago_quality_report.csv
2025-07-13 07:03:42,824 - INFO - \u2705 Cleaned data saved: data/processed/chicago_cleaned.csv
2025-07-13 07:03:42,837 - WARNING - \U0001f4c6 houston data is 3 days old (latest: 2025-07-10)
2025-07-13 07:03:42,839 - INFO - \U0001f4cb Quality report saved: data/processed/houston_quality_report.csv
2025-07-13 07:03:42,842 - INFO - \u2705 Cleaned data saved: data/processed/houston_cleaned.csv
2025-07-13 07:03:42,854 - WARNING - \U0001f4c6 new_york data is 4 days old (latest: 2025-07-09)
2025-07-13 07:03:42,856 - INFO - \U0001f4cb Quality report saved: data/processed/new_york_quality_report.csv
2025-07-13 07:03:42,861 - INFO - \u2705 Cleaned data saved: data/processed/new_york_cleaned.csv
2025-07-13 07:03:42,872 - WARNING - \U0001f4c6 phoenix data is 3 days old (latest: 2025-07-10)
2025-07-13 07:03:42,874 - INFO - \U0001f4cb Quality report saved: data/processed/phoenix_quality_report.csv
2025-07-13 07:03:42,877 - INFO - \u2705 Cleaned data saved: data/processed/phoenix_cleaned.csv
2025-07-13 07:03:42,888 - WARNING - \U0001f4c6 seattle data is 3 days old (latest: 2025-07-10)
2025-07-13 07:03:42,889 - INFO - \U0001f4cb Quality report saved: data/processed/seattle_quality_report.csv
2025-07-13 07:03:42,892 - INFO - \u2705 Cleaned data saved: data/processed/seattle_cleaned.csv
2025-07-13 07:03:42,892 - INFO - \U0001f3af Done! 5 cities processed.
2025-07-14 04:10:47,097 - INFO - \U0001f680 Starting full processing job
2025-07-14 04:10:47,127 - WARNING - \U0001f4c6 chicago data is 3 days old (latest: 2025-07-11)
2025-07-14 04:10:47,131 - INFO - \U0001f4cb Quality report saved: data/processed/chicago_quality_report.csv
2025-07-14 04:10:47,137 - INFO - \u2705 Cleaned data saved: data/processed/chicago_cleaned.csv
2025-07-14 04:10:47,171 - WARNING - \U0001f4c6 houston data is 3 days old (latest: 2025-07-11)
2025-07-14 04:10:47,173 - INFO - \U0001f4cb Quality report saved: data/processed/houston_quality_report.csv
2025-07-14 04:10:47,179 - INFO - \u2705 Cleaned data saved: data/processed/houston_cleaned.csv
2025-07-14 04:10:47,224 - WARNING - \U0001f4c6 new_york data is 3 days old (latest: 2025-07-11)
2025-07-14 04:10:47,226 - INFO - \U0001f4cb Quality report saved: data/processed/new_york_quality_report.csv
2025-07-14 04:10:47,231 - INFO - \u2705 Cleaned data saved: data/processed/new_york_cleaned.csv
2025-07-14 04:10:47,281 - WARNING - \U0001f4c6 phoenix data is 3 days old (latest: 2025-07-11)
2025-07-14 04:10:47,284 - INFO - \U0001f4cb Quality report saved: data/processed/phoenix_quality_report.csv
2025-07-14 04:10:47,289 - INFO - \u2705 Cleaned data saved: data/processed/phoenix_cleaned.csv
2025-07-14 04:10:47,333 - WARNING - \U0001f4c6 seattle data is 3 days old (latest: 2025-07-11)
2025-07-14 04:10:47,336 - INFO - \U0001f4cb Quality report saved: data/processed/seattle_quality_report.csv
2025-07-14 04:10:47,341 - INFO - \u2705 Cleaned data saved: data/processed/seattle_cleaned.csv
2025-07-14 04:10:47,341 - INFO - \U0001f3af Done! 5 cities processed.
2025-07-14 04:31:53,204 - INFO - \U0001f680 Starting full processing job
2025-07-14 04:31:53,248 - WARNING - \U0001f4c6 chicago data is 3 days old (latest: 2025-07-11)
2025-07-14 04:31:53,254 - INFO - \U0001f4cb Quality report saved: data/processed/chicago_quality_report.csv
2025-07-14 04:31:53,266 - INFO - \u2705 Cleaned data saved: data/processed/chicago_cleaned.csv
2025-07-14 04:31:53,310 - WARNING - \U0001f4c6 houston data is 3 days old (latest: 2025-07-11)
2025-07-14 04:31:53,315 - INFO - \U0001f4cb Quality report saved: data/processed/houston_quality_report.csv
2025-07-14 04:31:53,326 - INFO - \u2705 Cleaned data saved: data/processed/houston_cleaned.csv
2025-07-14 04:31:53,398 - WARNING - \U0001f4c6 new_york data is 3 days old (latest: 2025-07-11)
2025-07-14 04:31:53,402 - INFO - \U0001f4cb Quality report saved: data/processed/new_york_quality_report.csv
2025-07-14 04:31:53,414 - INFO - \u2705 Cleaned data saved: data/processed/new_york_cleaned.csv
2025-07-14 04:31:53,452 - WARNING - \U0001f4c6 phoenix data is 3 days old (latest: 2025-07-11)
2025-07-14 04:31:53,457 - INFO - \U0001f4cb Quality report saved: data/processed/phoenix_quality_report.csv
2025-07-14 04:31:53,468 - INFO - \u2705 Cleaned data saved: data/processed/phoenix_cleaned.csv
2025-07-14 04:31:53,518 - WARNING - \U0001f4c6 seattle data is 3 days old (latest: 2025-07-11)
2025-07-14 04:31:53,523 - INFO - \U0001f4cb Quality report saved: data/processed/seattle_quality_report.csv
2025-07-14 04:31:53,534 - INFO - \u2705 Cleaned data saved: data/processed/seattle_cleaned.csv
2025-07-14 04:31:53,535 - INFO - \U0001f3af Done! 5 cities processed.
2025-07-14 04:36:21,856 - INFO - \U0001f680 Starting full processing job
2025-07-14 04:36:21,897 - WARNING - \U0001f4c6 chicago data is 3 days old (latest: 2025-07-11)
2025-07-14 04:36:21,902 - INFO - \U0001f4cb Quality report saved: data/processed/chicago_quality_report.csv
2025-07-14 04:36:21,907 - INFO - \u2705 Cleaned data saved: data/processed/chicago_cleaned.csv
2025-07-14 04:36:21,951 - WARNING - \U0001f4c6 houston data is 3 days old (latest: 2025-07-11)
2025-07-14 04:36:21,955 - INFO - \U0001f4cb Quality report saved: data/processed/houston_quality_report.csv
2025-07-14 04:36:21,962 - INFO - \u2705 Cleaned data saved: data/processed/houston_cleaned.csv
2025-07-14 04:36:22,011 - WARNING - \U0001f4c6 new_york data is 3 days old (latest: 2025-07-11)
2025-07-14 04:36:22,017 - INFO - \U0001f4cb Quality report saved: data/processed/new_york_quality_report.csv
2025-07-14 04:36:22,027 - INFO - \u2705 Cleaned data saved: data/processed/new_york_cleaned.csv
2025-07-14 04:36:22,075 - WARNING - \U0001f4c6 phoenix data is 3 days old (latest: 2025-07-11)
2025-07-14 04:36:22,080 - INFO - \U0001f4cb Quality report saved: data/processed/phoenix_quality_report.csv
2025-07-14 04:36:22,092 - INFO - \u2705 Cleaned data saved: data/processed/phoenix_cleaned.csv
2025-07-14 04:36:22,141 - WARNING - \U0001f4c6 seattle data is 3 days old (latest: 2025-07-11)
2025-07-14 04:36:22,145 - INFO - \U0001f4cb Quality report saved: data/processed/seattle_quality_report.csv
2025-07-14 04:36:22,152 - INFO - \u2705 Cleaned data saved: data/processed/seattle_cleaned.csv
2025-07-14 04:36:22,153 - INFO - \U0001f3af Done! 5 cities processed.
2025-07-14 04:50:03,867 - INFO - \U0001f680 Starting full processing job
2025-07-14 04:50:03,913 - WARNING - \U0001f4c6 chicago data is 3 days old (latest: 2025-07-11)
2025-07-14 04:50:03,916 - INFO - \U0001f4cb Quality report saved: data/processed/chicago_quality_report.csv
2025-07-14 04:50:03,920 - INFO - \u2705 Cleaned data saved: data/processed/chicago_cleaned.csv
2025-07-14 04:50:03,943 - WARNING - \U0001f4c6 houston data is 3 days old (latest: 2025-07-11)
2025-07-14 04:50:03,944 - INFO - \U0001f4cb Quality report saved: data/processed/houston_quality_report.csv
2025-07-14 04:50:03,947 - INFO - \u2705 Cleaned data saved: data/processed/houston_cleaned.csv
2025-07-14 04:50:03,970 - WARNING - \U0001f4c6 new_york data is 3 days old (latest: 2025-07-11)
2025-07-14 04:50:03,971 - INFO - \U0001f4cb Quality report saved: data/processed/new_york_quality_report.csv
2025-07-14 04:50:03,975 - INFO - \u2705 Cleaned data saved: data/processed/new_york_cleaned.csv
2025-07-14 04:50:03,998 - WARNING - \U0001f4c6 phoenix data is 3 days old (latest: 2025-07-11)
2025-07-14 04:50:03,999 - INFO - \U0001f4cb Quality report saved: data/processed/phoenix_quality_report.csv
2025-07-14 04:50:04,003 - INFO - \u2705 Cleaned data saved: data/processed/phoenix_cleaned.csv
2025-07-14 04:50:04,026 - WARNING - \U0001f4c6 seattle data is 3 days old (latest: 2025-07-11)
2025-07-14 04:50:04,027 - INFO - \U0001f4cb Quality report saved: data/processed/seattle_quality_report.csv
2025-07-14 04:50:04,030 - INFO - \u2705 Cleaned data saved: data/processed/seattle_cleaned.csv
2025-07-14 04:50:04,030 - INFO - \U0001f3af Done! 5 cities processed.
2025-07-14 04:54:51,510 - INFO - \U0001f680 Starting full processing job
2025-07-14 04:54:51,540 - WARNING - \U0001f4c6 chicago data is 3 days old (latest: 2025-07-11)
2025-07-14 04:54:51,543 - INFO - \U0001f4cb Quality report saved: data/processed/chicago_quality_report.csv
2025-07-14 04:54:51,547 - INFO - \u2705 Cleaned data saved: data/processed/chicago_cleaned.csv
2025-07-14 04:54:51,570 - WARNING - \U0001f4c6 houston data is 3 days old (latest: 2025-07-11)
2025-07-14 04:54:51,571 - INFO - \U0001f4cb Quality report saved: data/processed/houston_quality_report.csv
2025-07-14 04:54:51,574 - INFO - \u2705 Cleaned data saved: data/processed/houston_cleaned.csv
2025-07-14 04:54:51,597 - WARNING - \U0001f4c6 new_york data is 3 days old (latest: 2025-07-11)
2025-07-14 04:54:51,599 - INFO - \U0001f4cb Quality report saved: data/processed/new_york_quality_report.csv
2025-07-14 04:54:51,602 - INFO - \u2705 Cleaned data saved: data/processed/new_york_cleaned.csv
2025-07-14 04:54:51,625 - WARNING - \U0001f4c6 phoenix data is 3 days old (latest: 2025-07-11)
2025-07-14 04:54:51,627 - INFO - \U0001f4cb Quality report saved: data/processed/phoenix_quality_report.csv
2025-07-14 04:54:51,631 - INFO - \u2705 Cleaned data saved: data/processed/phoenix_cleaned.csv
2025-07-14 04:54:51,644 - WARNING - \U0001f4c6 seattle data is 3 days old (latest: 2025-07-11)
2025-07-14 04:54:51,646 - INFO - \U0001f4cb Quality report saved: data/processed/seattle_quality_report.csv
2025-07-14 04:54:51,650 - INFO - \u2705 Cleaned data saved: data/processed/seattle_cleaned.csv
2025-07-14 04:54:51,650 - INFO - \U0001f3af Done! 5 cities processed.
2025-07-14 05:05:38,336 - INFO - \U0001f680 Starting full processing job
2025-07-14 05:05:38,401 - WARNING - \U0001f4c6 chicago data is 3 days old (latest: 2025-07-11)
2025-07-14 05:05:38,406 - INFO - \U0001f4cb Quality report saved: data/processed/chicago_quality_report.csv
2025-07-14 05:05:38,412 - INFO - \u2705 Cleaned data saved: data/processed/chicago_cleaned.csv
2025-07-14 05:05:38,450 - WARNING - \U0001f4c6 houston data is 3 days old (latest: 2025-07-11)
2025-07-14 05:05:38,453 - INFO - \U0001f4cb Quality report saved: data/processed/houston_quality_report.csv
2025-07-14 05:05:38,458 - INFO - \u2705 Cleaned data saved: data/processed/houston_cleaned.csv
2025-07-14 05:05:38,498 - WARNING - \U0001f4c6 new_york data is 3 days old (latest: 2025-07-11)
2025-07-14 05:05:38,500 - INFO - \U0001f4cb Quality report saved: data/processed/new_york_quality_report.csv
2025-07-14 05:05:38,506 - INFO - \u2705 Cleaned data saved: data/processed/new_york_cleaned.csv
2025-07-14 05:05:38,552 - WARNING - \U0001f4c6 phoenix data is 3 days old (latest: 2025-07-11)
2025-07-14 05:05:38,557 - INFO - \U0001f4cb Quality report saved: data/processed/phoenix_quality_report.csv
2025-07-14 05:05:38,567 - INFO - \u2705 Cleaned data saved: data/processed/phoenix_cleaned.csv
2025-07-14 05:05:38,599 - WARNING - \U0001f4c6 seattle data is 3 days old (latest: 2025-07-11)
2025-07-14 05:05:38,602 - INFO - \U0001f4cb Quality report saved: data/processed/seattle_quality_report.csv
2025-07-14 05:05:38,609 - INFO - \u2705 Cleaned data saved: data/processed/seattle_cleaned.csv
2025-07-14 05:05:38,610 - INFO - \U0001f3af Done! 5 cities processed.
2025-07-19 14:37:29,641 - INFO - \U0001f680 Starting full processing job
2025-07-19 14:37:29,690 - WARNING - \U0001f4c6 chicago data is 3 days old (latest: 2025-07-16)
2025-07-19 14:37:29,695 - INFO - \U0001f4cb Quality report saved: data/processed/chicago_quality_report.csv
2025-07-19 14:37:29,699 - INFO - \u2705 Cleaned data saved: data/processed/chicago_cleaned.csv
2025-07-19 14:37:29,735 - WARNING - \U0001f4c6 houston data is 3 days old (latest: 2025-07-16)
2025-07-19 14:37:29,738 - INFO - \U0001f4cb Quality report saved: data/processed/houston_quality_report.csv
2025-07-19 14:37:29,741 - INFO - \u2705 Cleaned data saved: data/processed/houston_cleaned.csv
2025-07-19 14:37:29,773 - WARNING - \U0001f4c6 new_york data is 3 days old (latest: 2025-07-16)
2025-07-19 14:37:29,775 - INFO - \U0001f4cb Quality report saved: data/processed/new_york_quality_report.csv
2025-07-19 14:37:29,780 - INFO - \u2705 Cleaned data saved: data/processed/new_york_cleaned.csv
2025-07-19 14:37:29,813 - WARNING - \U0001f4c6 phoenix data is 3 days old (latest: 2025-07-16)
2025-07-19 14:37:29,814 - INFO - \U0001f4cb Quality report saved: data/processed/phoenix_quality_report.csv
2025-07-19 14:37:29,818 - INFO - \u2705 Cleaned data saved: data/processed/phoenix_cleaned.csv
2025-07-19 14:37:29,849 - WARNING - \U0001f4c6 seattle data is 3 days old (latest: 2025-07-16)
2025-07-19 14:37:29,851 - INFO - \U0001f4cb Quality report saved: data/processed/seattle_quality_report.csv
2025-07-19 14:37:29,855 - INFO - \u2705 Cleaned data saved: data/processed/seattle_cleaned.csv
2025-07-19 14:37:29,855 - INFO - \U0001f3af Done! 5 cities processed.
2025-07-19 15:09:31,259 - INFO - \U0001f680 Starting full processing job
2025-07-19 15:09:31,288 - WARNING - \U0001f4c6 chicago data is 3 days old (latest: 2025-07-16)
2025-07-19 15:09:31,291 - INFO - \U0001f4cb Quality report saved: data/processed/chicago_quality_report.csv
2025-07-19 15:09:31,294 - INFO - \u2705 Cleaned data saved: data/processed/chicago_cleaned.csv
2025-07-19 15:09:31,316 - WARNING - \U0001f4c6 houston data is 3 days old (latest: 2025-07-16)
2025-07-19 15:09:31,318 - INFO - \U0001f4cb Quality report saved: data/processed/houston_quality_report.csv
2025-07-19 15:09:31,321 - INFO - \u2705 Cleaned data saved: data/processed/houston_cleaned.csv
2025-07-19 15:09:31,342 - WARNING - \U0001f4c6 new_york data is 3 days old (latest: 2025-07-16)
2025-07-19 15:09:31,343 - INFO - \U0001f4cb Quality report saved: data/processed/new_york_quality_report.csv
2025-07-19 15:09:31,346 - INFO - \u2705 Cleaned data saved: data/processed/new_york_cleaned.csv
2025-07-19 15:09:31,367 - WARNING - \U0001f4c6 phoenix data is 3 days old (latest: 2025-07-16)
2025-07-19 15:09:31,369 - INFO - \U0001f4cb Quality report saved: data/processed/phoenix_quality_report.csv
2025-07-19 15:09:31,372 - INFO - \u2705 Cleaned data saved: data/processed/phoenix_cleaned.csv
2025-07-19 15:09:31,385 - WARNING - \U0001f4c6 seattle data is 3 days old (latest: 2025-07-16)
2025-07-19 15:09:31,387 - INFO - \U0001f4cb Quality report saved: data/processed/seattle_quality_report.csv
2025-07-19 15:09:31,390 - INFO - \u2705 Cleaned data saved: data/processed/seattle_cleaned.csv
2025-07-19 15:09:31,390 - INFO - \U0001f3af Done! 5 cities processed.
2025-07-19 15:17:46,977 - INFO - \U0001f680 Starting full processing job
2025-07-19 15:17:47,016 - WARNING - \U0001f4c6 chicago data is 3 days old (latest: 2025-07-16)
2025-07-19 15:17:47,019 - INFO - \U0001f4cb Quality report saved: data/processed/chicago_quality_report.csv
2025-07-19 15:17:47,023 - INFO - \u2705 Cleaned data saved: data/processed/chicago_cleaned.csv
2025-07-19 15:17:47,045 - WARNING - \U0001f4c6 houston data is 3 days old (latest: 2025-07-16)
2025-07-19 15:17:47,047 - INFO - \U0001f4cb Quality report saved: data/processed/houston_quality_report.csv
2025-07-19 15:17:47,050 - INFO - \u2705 Cleaned data saved: data/processed/houston_cleaned.csv
2025-07-19 15:17:47,071 - WARNING - \U0001f4c6 new_york data is 3 days old (latest: 2025-07-16)
2025-07-19 15:17:47,073 - INFO - \U0001f4cb Quality report saved: data/processed/new_york_quality_report.csv
2025-07-19 15:17:47,076 - INFO - \u2705 Cleaned data saved: data/processed/new_york_cleaned.csv
2025-07-19 15:17:47,097 - WARNING - \U0001f4c6 phoenix data is 3 days old (latest: 2025-07-16)
2025-07-19 15:17:47,099 - INFO - \U0001f4cb Quality report saved: data/processed/phoenix_quality_report.csv
2025-07-19 15:17:47,102 - INFO - \u2705 Cleaned data saved: data/processed/phoenix_cleaned.csv
2025-07-19 15:17:47,115 - WARNING - \U0001f4c6 seattle data is 3 days old (latest: 2025-07-16)
2025-07-19 15:17:47,117 - INFO - \U0001f4cb Quality report saved: data/processed/seattle_quality_report.csv
2025-07-19 15:17:47,119 - INFO - \u2705 Cleaned data saved: data/processed/seattle_cleaned.csv
2025-07-19 15:17:47,120 - INFO - \U0001f3af Done! 5 cities processed.
2025-07-19 15:38:00,842 - INFO - \U0001f680 Starting full processing job
2025-07-19 15:38:00,889 - WARNING - \U0001f4c6 chicago data is 3 days old (latest: 2025-07-16)
2025-07-19 15:38:00,894 - INFO - \U0001f4cb Quality report saved: data/processed/chicago_quality_report.csv
2025-07-19 15:38:00,898 - INFO - \u2705 Cleaned data saved: data/processed/chicago_cleaned.csv
2025-07-19 15:38:00,925 - WARNING - \U0001f4c6 houston data is 3 days old (latest: 2025-07-16)
2025-07-19 15:38:00,927 - INFO - \U0001f4cb Quality report saved: data/processed/houston_quality_report.csv
2025-07-19 15:38:00,930 - INFO - \u2705 Cleaned data saved: data/processed/houston_cleaned.csv
2025-07-19 15:38:00,958 - WARNING - \U0001f4c6 new_york data is 3 days old (latest: 2025-07-16)
2025-07-19 15:38:00,960 - INFO - \U0001f4cb Quality report saved: data/processed/new_york_quality_report.csv
2025-07-19 15:38:00,964 - INFO - \u2705 Cleaned data saved: data/processed/new_york_cleaned.csv
2025-07-19 15:38:00,994 - WARNING - \U0001f4c6 phoenix data is 3 days old (latest: 2025-07-16)
2025-07-19 15:38:00,997 - INFO - \U0001f4cb Quality report saved: data/processed/phoenix_quality_report.csv
2025-07-19 15:38:01,003 - INFO - \u2705 Cleaned data saved: data/processed/phoenix_cleaned.csv
2025-07-19 15:38:01,020 - WARNING - \U0001f4c6 seattle data is 3 days old (latest: 2025-07-16)
2025-07-19 15:38:01,022 - INFO - \U0001f4cb Quality report saved: data/processed/seattle_quality_report.csv
2025-07-19 15:38:01,026 - INFO - \u2705 Cleaned data saved: data/processed/seattle_cleaned.csv
2025-07-19 15:38:01,026 - INFO - \U0001f3af Done! 5 cities processed.
2025-07-19 15:50:25,306 - INFO - \U0001f680 Starting full processing job
2025-07-19 15:50:25,336 - WARNING - \U0001f4c6 chicago data is 3 days old (latest: 2025-07-16)
2025-07-19 15:50:25,339 - INFO - \U0001f4cb Quality report saved: data/processed/chicago_quality_report.csv
2025-07-19 15:50:25,343 - INFO - \u2705 Cleaned data saved: data/processed/chicago_cleaned.csv
2025-07-19 15:50:25,367 - WARNING - \U0001f4c6 houston data is 3 days old (latest: 2025-07-16)
2025-07-19 15:50:25,368 - INFO - \U0001f4cb Quality report saved: data/processed/houston_quality_report.csv
2025-07-19 15:50:25,372 - INFO - \u2705 Cleaned data saved: data/processed/houston_cleaned.csv
2025-07-19 15:50:25,395 - WARNING - \U0001f4c6 new_york data is 3 days old (latest: 2025-07-16)
2025-07-19 15:50:25,397 - INFO - \U0001f4cb Quality report saved: data/processed/new_york_quality_report.csv
2025-07-19 15:50:25,400 - INFO - \u2705 Cleaned data saved: data/processed/new_york_cleaned.csv
2025-07-19 15:50:25,424 - WARNING - \U0001f4c6 phoenix data is 3 days old (latest: 2025-07-16)
2025-07-19 15:50:25,425 - INFO - \U0001f4cb Quality report saved: data/processed/phoenix_quality_report.csv
2025-07-19 15:50:25,429 - INFO - \u2705 Cleaned data saved: data/processed/phoenix_cleaned.csv
2025-07-19 15:50:25,444 - WARNING - \U0001f4c6 seattle data is 3 days old (latest: 2025-07-16)
2025-07-19 15:50:25,446 - INFO - \U0001f4cb Quality report saved: data/processed/seattle_quality_report.csv
2025-07-19 15:50:25,449 - INFO - \u2705 Cleaned data saved: data/processed/seattle_cleaned.csv
2025-07-19 15:50:25,449 - INFO - \U0001f3af Done! 5 cities processed.
2025-07-19 16:45:54,136 - INFO - \U0001f680 Starting full processing job
2025-07-19 16:45:54,166 - WARNING - \U0001f4c6 chicago data is 3 days old (latest: 2025-07-16)
2025-07-19 16:45:54,169 - INFO - \U0001f4cb Quality report saved: data/processed/chicago_quality_report.csv
2025-07-19 16:45:54,172 - INFO - \u2705 Cleaned data saved: data/processed/chicago_cleaned.csv
2025-07-19 16:45:54,193 - WARNING - \U0001f4c6 houston data is 3 days old (latest: 2025-07-16)
2025-07-19 16:45:54,196 - INFO - \U0001f4cb Quality report saved: data/processed/houston_quality_report.csv
2025-07-19 16:45:54,201 - INFO - \u2705 Cleaned data saved: data/processed/houston_cleaned.csv
2025-07-19 16:45:54,222 - WARNING - \U0001f4c6 new_york data is 3 days old (latest: 2025-07-16)
2025-07-19 16:45:54,224 - INFO - \U0001f4cb Quality report saved: data/processed/new_york_quality_report.csv
2025-07-19 16:45:54,227 - INFO - \u2705 Cleaned data saved: data/processed/new_york_cleaned.csv
2025-07-19 16:45:54,252 - WARNING - \U0001f4c6 phoenix data is 3 days old (latest: 2025-07-16)
2025-07-19 16:45:54,254 - INFO - \U0001f4cb Quality report saved: data/processed/phoenix_quality_report.csv
2025-07-19 16:45:54,256 - INFO - \u2705 Cleaned data saved: data/processed/phoenix_cleaned.csv
2025-07-19 16:45:54,270 - WARNING - \U0001f4c6 seattle data is 3 days old (latest: 2025-07-16)
2025-07-19 16:45:54,272 - INFO - \U0001f4cb Quality report saved: data/processed/seattle_quality_report.csv
2025-07-19 16:45:54,275 - INFO - \u2705 Cleaned data saved: data/processed/seattle_cleaned.csv
2025-07-19 16:45:54,275 - INFO - \U0001f3af Done! 5 cities processed.
2025-07-19 16:53:56,762 - INFO - \U0001f680 Starting full processing job
2025-07-19 16:53:56,792 - WARNING - \U0001f4c6 chicago data is 3 days old (latest: 2025-07-16)
2025-07-19 16:53:56,796 - INFO - \U0001f4cb Quality report saved: data/processed/chicago_quality_report.csv
2025-07-19 16:53:56,799 - INFO - \u2705 Cleaned data saved: data/processed/chicago_cleaned.csv
2025-07-19 16:53:56,822 - WARNING - \U0001f4c6 houston data is 3 days old (latest: 2025-07-16)
2025-07-19 16:53:56,825 - INFO - \U0001f4cb Quality report saved: data/processed/houston_quality_report.csv
2025-07-19 16:53:56,829 - INFO - \u2705 Cleaned data saved: data/processed/houston_cleaned.csv
2025-07-19 16:53:56,852 - WARNING - \U0001f4c6 new_york data is 3 days old (latest: 2025-07-16)
2025-07-19 16:53:56,853 - INFO - \U0001f4cb Quality report saved: data/processed/new_york_quality_report.csv
2025-07-19 16:53:56,856 - INFO - \u2705 Cleaned data saved: data/processed/new_york_cleaned.csv
2025-07-19 16:53:56,879 - WARNING - \U0001f4c6 phoenix data is 3 days old (latest: 2025-07-16)
2025-07-19 16:53:56,881 - INFO - \U0001f4cb Quality report saved: data/processed/phoenix_quality_report.csv
2025-07-19 16:53:56,884 - INFO - \u2705 Cleaned data saved: data/processed/phoenix_cleaned.csv
2025-07-19 16:53:56,898 - WARNING - \U0001f4c6 seattle data is 3 days old (latest: 2025-07-16)
2025-07-19 16:53:56,899 - INFO - \U0001f4cb Quality report saved: data/processed/seattle_quality_report.csv
2025-07-19 16:53:56,902 - INFO - \u2705 Cleaned data saved: data/processed/seattle_cleaned.csv
2025-07-19 16:53:56,902 - INFO - \U0001f3af Done! 5 cities processed.
2025-07-19 17:04:23,096 - INFO - \U0001f680 Starting full processing job
2025-07-19 17:04:23,129 - WARNING - \U0001f4c6 chicago data is 3 days old (latest: 2025-07-16)
2025-07-19 17:04:23,134 - INFO - \U0001f4cb Quality report saved: data/processed/chicago_quality_report.csv
2025-07-19 17:04:23,138 - INFO - \u2705 Cleaned data saved: data/processed/chicago_cleaned.csv
2025-07-19 17:04:23,163 - WARNING - \U0001f4c6 houston data is 3 days old (latest: 2025-07-16)
2025-07-19 17:04:23,165 - INFO - \U0001f4cb Quality report saved: data/processed/houston_quality_report.csv
2025-07-19 17:04:23,170 - INFO - \u2705 Cleaned data saved: data/processed/houston_cleaned.csv
2025-07-19 17:04:23,197 - WARNING - \U0001f4c6 new_york data is 3 days old (latest: 2025-07-16)
2025-07-19 17:04:23,201 - INFO - \U0001f4cb Quality report saved: data/processed/new_york_quality_report.csv
2025-07-19 17:04:23,206 - INFO - \u2705 Cleaned data saved: data/processed/new_york_cleaned.csv
2025-07-19 17:04:23,237 - WARNING - \U0001f4c6 phoenix data is 3 days old (latest: 2025-07-16)
2025-07-19 17:04:23,238 - INFO - \U0001f4cb Quality report saved: data/processed/phoenix_quality_report.csv
2025-07-19 17:04:23,242 - INFO - \u2705 Cleaned data saved: data/processed/phoenix_cleaned.csv
2025-07-19 17:04:23,259 - WARNING - \U0001f4c6 seattle data is 3 days old (latest: 2025-07-16)
2025-07-19 17:04:23,261 - INFO - \U0001f4cb Quality report saved: data/processed/seattle_quality_report.csv
2025-07-19 17:04:23,264 - INFO - \u2705 Cleaned data saved: data/processed/seattle_cleaned.csv
2025-07-19 17:04:23,264 - INFO - \U0001f3af Done! 5 cities processed.
2025-07-19 17:14:32,277 - INFO - \U0001f680 Starting full processing job
2025-07-19 17:14:32,316 - WARNING - \U0001f4c6 chicago data is 3 days old (latest: 2025-07-16)
2025-07-19 17:14:32,319 - INFO - \U0001f4cb Quality report saved: data/processed/chicago_quality_report.csv
2025-07-19 17:14:32,323 - INFO - \u2705 Cleaned data saved: data/processed/chicago_cleaned.csv
2025-07-19 17:14:32,346 - WARNING - \U0001f4c6 houston data is 3 days old (latest: 2025-07-16)
2025-07-19 17:14:32,348 - INFO - \U0001f4cb Quality report saved: data/processed/houston_quality_report.csv
2025-07-19 17:14:32,352 - INFO - \u2705 Cleaned data saved: data/processed/houston_cleaned.csv
2025-07-19 17:14:32,375 - WARNING - \U0001f4c6 new_york data is 3 days old (latest: 2025-07-16)
2025-07-19 17:14:32,376 - INFO - \U0001f4cb Quality report saved: data/processed/new_york_quality_report.csv
2025-07-19 17:14:32,380 - INFO - \u2705 Cleaned data saved: data/processed/new_york_cleaned.csv
2025-07-19 17:14:32,405 - WARNING - \U0001f4c6 phoenix data is 3 days old (latest: 2025-07-16)
2025-07-19 17:14:32,406 - INFO - \U0001f4cb Quality report saved: data/processed/phoenix_quality_report.csv
2025-07-19 17:14:32,410 - INFO - \u2705 Cleaned data saved: data/processed/phoenix_cleaned.csv
2025-07-19 17:14:32,425 - WARNING - \U0001f4c6 seattle data is 3 days old (latest: 2025-07-16)
2025-07-19 17:14:32,427 - INFO - \U0001f4cb Quality report saved: data/processed/seattle_quality_report.csv
2025-07-19 17:14:32,429 - INFO - \u2705 Cleaned data saved: data/processed/seattle_cleaned.csv
2025-07-19 17:14:32,430 - INFO - \U0001f3af Done! 5 cities processed.
2025-07-19 17:32:12,299 - INFO - \U0001f680 Starting full processing job
2025-07-19 17:32:12,331 - WARNING - \U0001f4c6 chicago data is 3 days old (latest: 2025-07-16)
2025-07-19 17:32:12,334 - INFO - \U0001f4cb Quality report saved: data/processed/chicago_quality_report.csv
2025-07-19 17:32:12,338 - INFO - \u2705 Cleaned data saved: data/processed/chicago_cleaned.csv
2025-07-19 17:32:12,361 - WARNING - \U0001f4c6 houston data is 3 days old (latest: 2025-07-16)
2025-07-19 17:32:12,363 - INFO - \U0001f4cb Quality report saved: data/processed/houston_quality_report.csv
2025-07-19 17:32:12,366 - INFO - \u2705 Cleaned data saved: data/processed/houston_cleaned.csv
2025-07-19 17:32:12,389 - WARNING - \U0001f4c6 new_york data is 3 days old (latest: 2025-07-16)
2025-07-19 17:32:12,391 - INFO - \U0001f4cb Quality report saved: data/processed/new_york_quality_report.csv
2025-07-19 17:32:12,395 - INFO - \u2705 Cleaned data saved: data/processed/new_york_cleaned.csv
2025-07-19 17:32:12,419 - WARNING - \U0001f4c6 phoenix data is 3 days old (latest: 2025-07-16)
2025-07-19 17:32:12,420 - INFO - \U0001f4cb Quality report saved: data/processed/phoenix_quality_report.csv
2025-07-19 17:32:12,423 - INFO - \u2705 Cleaned data saved: data/processed/phoenix_cleaned.csv
2025-07-19 17:32:12,438 - WARNING - \U0001f4c6 seattle data is 3 days old (latest: 2025-07-16)
2025-07-19 17:32:12,439 - INFO - \U0001f4cb Quality report saved: data/processed/seattle_quality_report.csv
2025-07-19 17:32:12,444 - INFO - \u2705 Cleaned data saved: data/processed/seattle_cleaned.csv
2025-07-19 17:32:12,444 - INFO - \U0001f3af Done! 5 cities processed.
2025-07-19 18:05:21,664 - INFO - \U0001f680 Starting full processing job
2025-07-19 18:05:21,694 - WARNING - \U0001f4c6 chicago data is 3 days old (latest: 2025-07-16)
2025-07-19 18:05:21,697 - INFO - \U0001f4cb Quality report saved: data/processed/chicago_quality_report.csv
2025-07-19 18:05:21,701 - INFO - \u2705 Cleaned data saved: data/processed/chicago_cleaned.csv
2025-07-19 18:05:21,724 - WARNING - \U0001f4c6 houston data is 3 days old (latest: 2025-07-16)
2025-07-19 18:05:21,726 - INFO - \U0001f4cb Quality report saved: data/processed/houston_quality_report.csv
2025-07-19 18:05:21,729 - INFO - \u2705 Cleaned data saved: data/processed/houston_cleaned.csv
2025-07-19 18:05:21,751 - WARNING - \U0001f4c6 new_york data is 3 days old (latest: 2025-07-16)
2025-07-19 18:05:21,753 - INFO - \U0001f4cb Quality report saved: data/processed/new_york_quality_report.csv
2025-07-19 18:05:21,756 - INFO - \u2705 Cleaned data saved: data/processed/new_york_cleaned.csv
2025-07-19 18:05:21,780 - WARNING - \U0001f4c6 phoenix data is 3 days old (latest: 2025-07-16)
2025-07-19 18:05:21,781 - INFO - \U0001f4cb Quality report saved: data/processed/phoenix_quality_report.csv
2025-07-19 18:05:21,784 - INFO - \u2705 Cleaned data saved: data/processed/phoenix_cleaned.csv
2025-07-19 18:05:21,798 - WARNING - \U0001f4c6 seattle data is 3 days old (latest: 2025-07-16)
2025-07-19 18:05:21,800 - INFO - \U0001f4cb Quality report saved: data/processed/seattle_quality_report.csv
2025-07-19 18:05:21,803 - INFO - \u2705 Cleaned data saved: data/processed/seattle_cleaned.csv
2025-07-19 18:05:21,803 - INFO - \U0001f3af Done! 5 cities processed.
2025-07-19 18:25:12,822 - INFO - \U0001f680 Starting full processing job
2025-07-19 18:25:12,853 - WARNING - \U0001f4c6 chicago data is 3 days old (latest: 2025-07-16)
2025-07-19 18:25:12,857 - INFO - \U0001f4cb Quality report saved: data/processed/chicago_quality_report.csv
2025-07-19 18:25:12,861 - INFO - \u2705 Cleaned data saved: data/processed/chicago_cleaned.csv
2025-07-19 18:25:12,909 - WARNING - \U0001f4c6 houston data is 3 days old (latest: 2025-07-16)
2025-07-19 18:25:12,912 - INFO - \U0001f4cb Quality report saved: data/processed/houston_quality_report.csv
2025-07-19 18:25:12,916 - INFO - \u2705 Cleaned data saved: data/processed/houston_cleaned.csv
2025-07-19 18:25:12,955 - WARNING - \U0001f4c6 new_york data is 3 days old (latest: 2025-07-16)
2025-07-19 18:25:12,957 - INFO - \U0001f4cb Quality report saved: data/processed/new_york_quality_report.csv
2025-07-19 18:25:12,960 - INFO - \u2705 Cleaned data saved: data/processed/new_york_cleaned.csv
2025-07-19 18:25:12,989 - WARNING - \U0001f4c6 phoenix data is 3 days old (latest: 2025-07-16)
2025-07-19 18:25:12,991 - INFO - \U0001f4cb Quality report saved: data/processed/phoenix_quality_report.csv
2025-07-19 18:25:12,994 - INFO - \u2705 Cleaned data saved: data/processed/phoenix_cleaned.csv
2025-07-19 18:25:13,011 - WARNING - \U0001f4c6 seattle data is 3 days old (latest: 2025-07-16)
2025-07-19 18:25:13,013 - INFO - \U0001f4cb Quality report saved: data/processed/seattle_quality_report.csv
2025-07-19 18:25:13,017 - INFO - \u2705 Cleaned data saved: data/processed/seattle_cleaned.csv
2025-07-19 18:25:13,017 - INFO - \U0001f3af Done! 5 cities processed.
2025-07-19 18:48:13,313 - INFO - \U0001f680 Starting full processing job
2025-07-19 18:48:13,342 - WARNING - \U0001f4c6 chicago data is 3 days old (latest: 2025-07-16)
2025-07-19 18:48:13,345 - INFO - \U0001f4cb Quality report saved: data/processed/chicago_quality_report.csv
2025-07-19 18:48:13,349 - INFO - \u2705 Cleaned data saved: data/processed/chicago_cleaned.csv
2025-07-19 18:48:13,371 - WARNING - \U0001f4c6 houston data is 3 days old (latest: 2025-07-16)
2025-07-19 18:48:13,374 - INFO - \U0001f4cb Quality report saved: data/processed/houston_quality_report.csv
2025-07-19 18:48:13,377 - INFO - \u2705 Cleaned data saved: data/processed/houston_cleaned.csv
2025-07-19 18:48:13,400 - WARNING - \U0001f4c6 new_york data is 3 days old (latest: 2025-07-16)
2025-07-19 18:48:13,402 - INFO - \U0001f4cb Quality report saved: data/processed/new_york_quality_report.csv
2025-07-19 18:48:13,405 - INFO - \u2705 Cleaned data saved: data/processed/new_york_cleaned.csv
2025-07-19 18:48:13,429 - WARNING - \U0001f4c6 phoenix data is 3 days old (latest: 2025-07-16)
2025-07-19 18:48:13,431 - INFO - \U0001f4cb Quality report saved: data/processed/phoenix_quality_report.csv
2025-07-19 18:48:13,433 - INFO - \u2705 Cleaned data saved: data/processed/phoenix_cleaned.csv
2025-07-19 18:48:13,449 - WARNING - \U0001f4c6 seattle data is 3 days old (latest: 2025-07-16)
2025-07-19 18:48:13,451 - INFO - \U0001f4cb Quality report saved: data/processed/seattle_quality_report.csv
2025-07-19 18:48:13,455 - INFO - \u2705 Cleaned data saved: data/processed/seattle_cleaned.csv
2025-07-19 18:48:13,455 - INFO - \U0001f3af Done! 5 cities processed.
2025-07-19 18:53:35,799 - INFO - \U0001f680 Starting full processing job
2025-07-19 18:53:35,831 - WARNING - \U0001f4c6 chicago data is 3 days old (latest: 2025-07-16)
2025-07-19 18:53:35,835 - INFO - \U0001f4cb Quality report saved: data/processed/chicago_quality_report.csv
2025-07-19 18:53:35,839 - INFO - \u2705 Cleaned data saved: data/processed/chicago_cleaned.csv
2025-07-19 18:53:35,862 - WARNING - \U0001f4c6 houston data is 3 days old (latest: 2025-07-16)
2025-07-19 18:53:35,865 - INFO - \U0001f4cb Quality report saved: data/processed/houston_quality_report.csv
2025-07-19 18:53:35,868 - INFO - \u2705 Cleaned data saved: data/processed/houston_cleaned.csv
2025-07-19 18:53:35,892 - WARNING - \U0001f4c6 new_york data is 3 days old (latest: 2025-07-16)
2025-07-19 18:53:35,894 - INFO - \U0001f4cb Quality report saved: data/processed/new_york_quality_report.csv
2025-07-19 18:53:35,898 - INFO - \u2705 Cleaned data saved: data/processed/new_york_cleaned.csv
2025-07-19 18:53:35,922 - WARNING - \U0001f4c6 phoenix data is 3 days old (latest: 2025-07-16)
2025-07-19 18:53:35,923 - INFO - \U0001f4cb Quality report saved: data/processed/phoenix_quality_report.csv
2025-07-19 18:53:35,927 - INFO - \u2705 Cleaned data saved: data/processed/phoenix_cleaned.csv
2025-07-19 18:53:35,942 - WARNING - \U0001f4c6 seattle data is 3 days old (latest: 2025-07-16)
2025-07-19 18:53:35,943 - INFO - \U0001f4cb Quality report saved: data/processed/seattle_quality_report.csv
2025-07-19 18:53:35,946 - INFO - \u2705 Cleaned data saved: data/processed/seattle_cleaned.csv
2025-07-19 18:53:35,947 - INFO - \U0001f3af Done! 5 cities processed.
2025-07-19 19:20:44,900 - INFO - \U0001f680 Starting full processing job
2025-07-19 19:20:44,929 - WARNING - \U0001f4c6 chicago data is 3 days old (latest: 2025-07-16)
2025-07-19 19:20:44,932 - INFO - \U0001f4cb Quality report saved: data/processed/chicago_quality_report.csv
2025-07-19 19:20:44,936 - INFO - \u2705 Cleaned data saved: data/processed/chicago_cleaned.csv
2025-07-19 19:20:44,959 - WARNING - \U0001f4c6 houston data is 3 days old (latest: 2025-07-16)
2025-07-19 19:20:44,961 - INFO - \U0001f4cb Quality report saved: data/processed/houston_quality_report.csv
2025-07-19 19:20:44,964 - INFO - \u2705 Cleaned data saved: data/processed/houston_cleaned.csv
2025-07-19 19:20:44,987 - WARNING - \U0001f4c6 new_york data is 3 days old (latest: 2025-07-16)
2025-07-19 19:20:44,988 - INFO - \U0001f4cb Quality report saved: data/processed/new_york_quality_report.csv
2025-07-19 19:20:44,991 - INFO - \u2705 Cleaned data saved: data/processed/new_york_cleaned.csv
2025-07-19 19:20:45,014 - WARNING - \U0001f4c6 phoenix data is 3 days old (latest: 2025-07-16)
2025-07-19 19:20:45,016 - INFO - \U0001f4cb Quality report saved: data/processed/phoenix_quality_report.csv
2025-07-19 19:20:45,018 - INFO - \u2705 Cleaned data saved: data/processed/phoenix_cleaned.csv
2025-07-19 19:20:45,032 - WARNING - \U0001f4c6 seattle data is 3 days old (latest: 2025-07-16)
2025-07-19 19:20:45,034 - INFO - \U0001f4cb Quality report saved: data/processed/seattle_quality_report.csv
2025-07-19 19:20:45,037 - INFO - \u2705 Cleaned data saved: data/processed/seattle_cleaned.csv
2025-07-19 19:20:45,037 - INFO - \U0001f3af Done! 5 cities processed.
2025-07-19 19:32:26,676 - INFO - \U0001f680 Starting full processing job
2025-07-19 19:32:26,715 - WARNING - \U0001f4c6 chicago data is 3 days old (latest: 2025-07-16)
2025-07-19 19:32:26,720 - INFO - \U0001f4cb Quality report saved: data/processed/chicago_quality_report.csv
2025-07-19 19:32:26,725 - INFO - \u2705 Cleaned data saved: data/processed/chicago_cleaned.csv
2025-07-19 19:32:26,758 - WARNING - \U0001f4c6 houston data is 3 days old (latest: 2025-07-16)
2025-07-19 19:32:26,760 - INFO - \U0001f4cb Quality report saved: data/processed/houston_quality_report.csv
2025-07-19 19:32:26,766 - INFO - \u2705 Cleaned data saved: data/processed/houston_cleaned.csv
2025-07-19 19:32:26,796 - WARNING - \U0001f4c6 new_york data is 3 days old (latest: 2025-07-16)
2025-07-19 19:32:26,800 - INFO - \U0001f4cb Quality report saved: data/processed/new_york_quality_report.csv
2025-07-19 19:32:26,805 - INFO - \u2705 Cleaned data saved: data/processed/new_york_cleaned.csv
2025-07-19 19:32:26,828 - WARNING - \U0001f4c6 phoenix data is 3 days old (latest: 2025-07-16)
2025-07-19 19:32:26,830 - INFO - \U0001f4cb Quality report saved: data/processed/phoenix_quality_report.csv
2025-07-19 19:32:26,833 - INFO - \u2705 Cleaned data saved: data/processed/phoenix_cleaned.csv
2025-07-19 19:32:26,847 - WARNING - \U0001f4c6 seattle data is 3 days old (latest: 2025-07-16)
2025-07-19 19:32:26,849 - INFO - \U0001f4cb Quality report saved: data/processed/seattle_quality_report.csv
2025-07-19 19:32:26,852 - INFO - \u2705 Cleaned data saved: data/processed/seattle_cleaned.csv
2025-07-19 19:32:26,852 - INFO - \U0001f3af Done! 5 cities processed.
2025-07-20 04:34:07,389 - INFO - \U0001f680 Starting full processing job
2025-07-20 04:34:07,447 - WARNING - \U0001f4c6 chicago data is 3 days old (latest: 2025-07-17)
2025-07-20 04:34:07,451 - INFO - \U0001f4cb Quality report saved: data/processed/chicago_quality_report.csv
2025-07-20 04:34:07,456 - INFO - \u2705 Cleaned data saved: data/processed/chicago_cleaned.csv
2025-07-20 04:34:07,495 - WARNING - \U0001f4c6 houston data is 3 days old (latest: 2025-07-17)
2025-07-20 04:34:07,497 - INFO - \U0001f4cb Quality report saved: data/processed/houston_quality_report.csv
2025-07-20 04:34:07,500 - INFO - \u2705 Cleaned data saved: data/processed/houston_cleaned.csv
2025-07-20 04:34:07,535 - WARNING - \U0001f4c6 new_york data is 3 days old (latest: 2025-07-17)
2025-07-20 04:34:07,539 - INFO - \U0001f4cb Quality report saved: data/processed/new_york_quality_report.csv
2025-07-20 04:34:07,543 - INFO - \u2705 Cleaned data saved: data/processed/new_york_cleaned.csv
2025-07-20 04:34:07,576 - WARNING - \U0001f4c6 phoenix data is 3 days old (latest: 2025-07-17)
2025-07-20 04:34:07,579 - INFO - \U0001f4cb Quality report saved: data/processed/phoenix_quality_report.csv
2025-07-20 04:34:07,583 - INFO - \u2705 Cleaned data saved: data/processed/phoenix_cleaned.csv
2025-07-20 04:34:07,609 - WARNING - \U0001f4c6 seattle data is 3 days old (latest: 2025-07-17)
2025-07-20 04:34:07,612 - INFO - \U0001f4cb Quality report saved: data/processed/seattle_quality_report.csv
2025-07-20 04:34:07,615 - INFO - \u2705 Cleaned data saved: data/processed/seattle_cleaned.csv
2025-07-20 04:34:07,616 - INFO - \U0001f3af Done! 5 cities processed.
2025-07-20 06:10:02,243 - INFO - \U0001f680 Starting full processing job
2025-07-20 06:10:02,283 - WARNING - \U0001f4c6 chicago data is 3 days old (latest: 2025-07-17)
2025-07-20 06:10:02,287 - INFO - \U0001f4cb Quality report saved: data/processed/chicago_quality_report.csv
2025-07-20 06:10:02,290 - INFO - \u2705 Cleaned data saved: data/processed/chicago_cleaned.csv
2025-07-20 06:10:02,323 - WARNING - \U0001f4c6 houston data is 3 days old (latest: 2025-07-17)
2025-07-20 06:10:02,324 - INFO - \U0001f4cb Quality report saved: data/processed/houston_quality_report.csv
2025-07-20 06:10:02,327 - INFO - \u2705 Cleaned data saved: data/processed/houston_cleaned.csv
2025-07-20 06:10:02,360 - WARNING - \U0001f4c6 new_york data is 3 days old (latest: 2025-07-17)
2025-07-20 06:10:02,362 - INFO - \U0001f4cb Quality report saved: data/processed/new_york_quality_report.csv
2025-07-20 06:10:02,365 - INFO - \u2705 Cleaned data saved: data/processed/new_york_cleaned.csv
2025-07-20 06:10:02,396 - WARNING - \U0001f4c6 phoenix data is 3 days old (latest: 2025-07-17)
2025-07-20 06:10:02,397 - INFO - \U0001f4cb Quality report saved: data/processed/phoenix_quality_report.csv
2025-07-20 06:10:02,401 - INFO - \u2705 Cleaned data saved: data/processed/phoenix_cleaned.csv
2025-07-20 06:10:02,432 - WARNING - \U0001f4c6 seattle data is 3 days old (latest: 2025-07-17)
2025-07-20 06:10:02,434 - INFO - \U0001f4cb Quality report saved: data/processed/seattle_quality_report.csv
2025-07-20 06:10:02,438 - INFO - \u2705 Cleaned data saved: data/processed/seattle_cleaned.csv
2025-07-20 06:10:02,438 - INFO - \U0001f3af Done! 5 cities processed.
2025-07-20 06:28:44,185 - INFO - \U0001f680 Starting full processing job
2025-07-20 06:28:44,212 - WARNING - \U0001f4c6 chicago data is 3 days old (latest: 2025-07-17)
2025-07-20 06:28:44,215 - INFO - \U0001f4cb Quality report saved: data/processed/chicago_quality_report.csv
2025-07-20 06:28:44,218 - INFO - \u2705 Cleaned data saved: data/processed/chicago_cleaned.csv
2025-07-20 06:28:44,240 - WARNING - \U0001f4c6 houston data is 3 days old (latest: 2025-07-17)
2025-07-20 06:28:44,242 - INFO - \U0001f4cb Quality report saved: data/processed/houston_quality_report.csv
2025-07-20 06:28:44,245 - INFO - \u2705 Cleaned data saved: data/processed/houston_cleaned.csv
2025-07-20 06:28:44,268 - WARNING - \U0001f4c6 new_york data is 3 days old (latest: 2025-07-17)
2025-07-20 06:28:44,269 - INFO - \U0001f4cb Quality report saved: data/processed/new_york_quality_report.csv
2025-07-20 06:28:44,272 - INFO - \u2705 Cleaned data saved: data/processed/new_york_cleaned.csv
2025-07-20 06:28:44,294 - WARNING - \U0001f4c6 phoenix data is 3 days old (latest: 2025-07-17)
2025-07-20 06:28:44,295 - INFO - \U0001f4cb Quality report saved: data/processed/phoenix_quality_report.csv
2025-07-20 06:28:44,299 - INFO - \u2705 Cleaned data saved: data/processed/phoenix_cleaned.csv
2025-07-20 06:28:44,320 - WARNING - \U0001f4c6 seattle data is 3 days old (latest: 2025-07-17)
2025-07-20 06:28:44,322 - INFO - \U0001f4cb Quality report saved: data/processed/seattle_quality_report.csv
2025-07-20 06:28:44,325 - INFO - \u2705 Cleaned data saved: data/processed/seattle_cleaned.csv
2025-07-20 06:28:44,325 - INFO - \U0001f3af Done! 5 cities processed.
2025-07-20 07:18:06,473 - INFO - \U0001f680 Starting full processing job
2025-07-20 07:18:06,495 - WARNING - \U0001f4c6 chicago data is 3 days old (latest: 2025-07-17)
2025-07-20 07:18:06,499 - INFO - \U0001f4cb Quality report saved: data/processed/chicago_quality_report.csv
2025-07-20 07:18:06,504 - INFO - \u2705 Cleaned data saved: data/processed/chicago_cleaned.csv
2025-07-20 07:18:06,525 - WARNING - \U0001f4c6 houston data is 3 days old (latest: 2025-07-17)
2025-07-20 07:18:06,526 - INFO - \U0001f4cb Quality report saved: data/processed/houston_quality_report.csv
2025-07-20 07:18:06,530 - INFO - \u2705 Cleaned data saved: data/processed/houston_cleaned.csv
2025-07-20 07:18:06,542 - WARNING - \U0001f4c6 new_york data is 3 days old (latest: 2025-07-17)
2025-07-20 07:18:06,543 - INFO - \U0001f4cb Quality report saved: data/processed/new_york_quality_report.csv
2025-07-20 07:18:06,547 - INFO - \u2705 Cleaned data saved: data/processed/new_york_cleaned.csv
2025-07-20 07:18:06,561 - WARNING - \U0001f4c6 phoenix data is 3 days old (latest: 2025-07-17)
2025-07-20 07:18:06,562 - INFO - \U0001f4cb Quality report saved: data/processed/phoenix_quality_report.csv
2025-07-20 07:18:06,565 - INFO - \u2705 Cleaned data saved: data/processed/phoenix_cleaned.csv
2025-07-20 07:18:06,578 - WARNING - \U0001f4c6 seattle data is 3 days old (latest: 2025-07-17)
2025-07-20 07:18:06,580 - INFO - \U0001f4cb Quality report saved: data/processed/seattle_quality_report.csv
2025-07-20 07:18:06,583 - INFO - \u2705 Cleaned data saved: data/processed/seattle_cleaned.csv
2025-07-20 07:18:06,583 - INFO - \U0001f3af Done! 5 cities processed.
2025-07-20 07:19:41,814 - INFO - \U0001f680 Starting full processing job
2025-07-20 07:19:41,844 - WARNING - \U0001f4c6 chicago data is 3 days old (latest: 2025-07-17)
2025-07-20 07:19:41,847 - INFO - \U0001f4cb Quality report saved: data/processed/chicago_quality_report.csv
2025-07-20 07:19:41,850 - INFO - \u2705 Cleaned data saved: data/processed/chicago_cleaned.csv
2025-07-20 07:19:41,873 - WARNING - \U0001f4c6 houston data is 3 days old (latest: 2025-07-17)
2025-07-20 07:19:41,875 - INFO - \U0001f4cb Quality report saved: data/processed/houston_quality_report.csv
2025-07-20 07:19:41,878 - INFO - \u2705 Cleaned data saved: data/processed/houston_cleaned.csv
2025-07-20 07:19:41,899 - WARNING - \U0001f4c6 new_york data is 3 days old (latest: 2025-07-17)
2025-07-20 07:19:41,901 - INFO - \U0001f4cb Quality report saved: data/processed/new_york_quality_report.csv
2025-07-20 07:19:41,904 - INFO - \u2705 Cleaned data saved: data/processed/new_york_cleaned.csv
2025-07-20 07:19:41,927 - WARNING - \U0001f4c6 phoenix data is 3 days old (latest: 2025-07-17)
2025-07-20 07:19:41,928 - INFO - \U0001f4cb Quality report saved: data/processed/phoenix_quality_report.csv
2025-07-20 07:19:41,931 - INFO - \u2705 Cleaned data saved: data/processed/phoenix_cleaned.csv
2025-07-20 07:19:41,954 - WARNING - \U0001f4c6 seattle data is 3 days old (latest: 2025-07-17)
2025-07-20 07:19:41,955 - INFO - \U0001f4cb Quality report saved: data/processed/seattle_quality_report.csv
2025-07-20 07:19:41,959 - INFO - \u2705 Cleaned data saved: data/processed/seattle_cleaned.csv
2025-07-20 07:19:41,959 - INFO - \U0001f3af Done! 5 cities processed.
2025-07-20 07:34:13,624 - INFO - \U0001f680 Starting full processing job
2025-07-20 07:34:13,652 - WARNING - \U0001f4c6 chicago data is 3 days old (latest: 2025-07-17)
2025-07-20 07:34:13,655 - INFO - \U0001f4cb Quality report saved: data/processed/chicago_quality_report.csv
2025-07-20 07:34:13,659 - INFO - \u2705 Cleaned data saved: data/processed/chicago_cleaned.csv
2025-07-20 07:34:13,683 - WARNING - \U0001f4c6 houston data is 3 days old (latest: 2025-07-17)
2025-07-20 07:34:13,684 - INFO - \U0001f4cb Quality report saved: data/processed/houston_quality_report.csv
2025-07-20 07:34:13,687 - INFO - \u2705 Cleaned data saved: data/processed/houston_cleaned.csv
2025-07-20 07:34:13,709 - WARNING - \U0001f4c6 new_york data is 3 days old (latest: 2025-07-17)
2025-07-20 07:34:13,710 - INFO - \U0001f4cb Quality report saved: data/processed/new_york_quality_report.csv
2025-07-20 07:34:13,713 - INFO - \u2705 Cleaned data saved: data/processed/new_york_cleaned.csv
2025-07-20 07:34:13,735 - WARNING - \U0001f4c6 phoenix data is 3 days old (latest: 2025-07-17)
2025-07-20 07:34:13,737 - INFO - \U0001f4cb Quality report saved: data/processed/phoenix_quality_report.csv
2025-07-20 07:34:13,740 - INFO - \u2705 Cleaned data saved: data/processed/phoenix_cleaned.csv
2025-07-20 07:34:13,754 - WARNING - \U0001f4c6 seattle data is 3 days old (latest: 2025-07-17)
2025-07-20 07:34:13,756 - INFO - \U0001f4cb Quality report saved: data/processed/seattle_quality_report.csv
2025-07-20 07:34:13,759 - INFO - \u2705 Cleaned data saved: data/processed/seattle_cleaned.csv
2025-07-20 07:34:13,759 - INFO - \U0001f3af Done! 5 cities processed.
2025-07-20 07:40:45,151 - INFO - \U0001f680 Starting full processing job
2025-07-20 07:40:45,179 - WARNING - \U0001f4c6 chicago data is 3 days old (latest: 2025-07-17)
2025-07-20 07:40:45,183 - INFO - \U0001f4cb Quality report saved: data/processed/chicago_quality_report.csv
2025-07-20 07:40:45,187 - INFO - \u2705 Cleaned data saved: data/processed/chicago_cleaned.csv
2025-07-20 07:40:45,218 - WARNING - \U0001f4c6 houston data is 3 days old (latest: 2025-07-17)
2025-07-20 07:40:45,221 - INFO - \U0001f4cb Quality report saved: data/processed/houston_quality_report.csv
2025-07-20 07:40:45,225 - INFO - \u2705 Cleaned data saved: data/processed/houston_cleaned.csv
2025-07-20 07:40:45,256 - WARNING - \U0001f4c6 new_york data is 3 days old (latest: 2025-07-17)
2025-07-20 07:40:45,258 - INFO - \U0001f4cb Quality report saved: data/processed/new_york_quality_report.csv
2025-07-20 07:40:45,263 - INFO - \u2705 Cleaned data saved: data/processed/new_york_cleaned.csv
2025-07-20 07:40:45,302 - WARNING - \U0001f4c6 phoenix data is 3 days old (latest: 2025-07-17)
2025-07-20 07:40:45,304 - INFO - \U0001f4cb Quality report saved: data/processed/phoenix_quality_report.csv
2025-07-20 07:40:45,309 - INFO - \u2705 Cleaned data saved: data/processed/phoenix_cleaned.csv
2025-07-20 07:40:45,327 - WARNING - \U0001f4c6 seattle data is 3 days old (latest: 2025-07-17)
2025-07-20 07:40:45,329 - INFO - \U0001f4cb Quality report saved: data/processed/seattle_quality_report.csv
2025-07-20 07:40:45,336 - INFO - \u2705 Cleaned data saved: data/processed/seattle_cleaned.csv
2025-07-20 07:40:45,336 - INFO - \U0001f3af Done! 5 cities processed.
2025-07-20 07:42:28,240 - INFO - \U0001f680 Starting full processing job
2025-07-20 07:42:28,270 - WARNING - \U0001f4c6 chicago data is 3 days old (latest: 2025-07-17)
2025-07-20 07:42:28,274 - INFO - \U0001f4cb Quality report saved: data/processed/chicago_quality_report.csv
2025-07-20 07:42:28,277 - INFO - \u2705 Cleaned data saved: data/processed/chicago_cleaned.csv
2025-07-20 07:42:28,302 - WARNING - \U0001f4c6 houston data is 3 days old (latest: 2025-07-17)
2025-07-20 07:42:28,304 - INFO - \U0001f4cb Quality report saved: data/processed/houston_quality_report.csv
2025-07-20 07:42:28,308 - INFO - \u2705 Cleaned data saved: data/processed/houston_cleaned.csv
2025-07-20 07:42:28,329 - WARNING - \U0001f4c6 new_york data is 3 days old (latest: 2025-07-17)
2025-07-20 07:42:28,331 - INFO - \U0001f4cb Quality report saved: data/processed/new_york_quality_report.csv
2025-07-20 07:42:28,336 - INFO - \u2705 Cleaned data saved: data/processed/new_york_cleaned.csv
2025-07-20 07:42:28,359 - WARNING - \U0001f4c6 phoenix data is 3 days old (latest: 2025-07-17)
2025-07-20 07:42:28,360 - INFO - \U0001f4cb Quality report saved: data/processed/phoenix_quality_report.csv
2025-07-20 07:42:28,363 - INFO - \u2705 Cleaned data saved: data/processed/phoenix_cleaned.csv
2025-07-20 07:42:28,377 - WARNING - \U0001f4c6 seattle data is 3 days old (latest: 2025-07-17)
2025-07-20 07:42:28,379 - INFO - \U0001f4cb Quality report saved: data/processed/seattle_quality_report.csv
2025-07-20 07:42:28,382 - INFO - \u2705 Cleaned data saved: data/processed/seattle_cleaned.csv
2025-07-20 07:42:28,382 - INFO - \U0001f3af Done! 5 cities processed.
2025-07-21 10:51:36,341 - INFO - \U0001f680 Starting full processing job
2025-07-21 10:51:36,386 - WARNING - \U0001f4c6 chicago data is 3 days old (latest: 2025-07-18)
2025-07-21 10:51:36,389 - INFO - \U0001f4cb Quality report saved: data/processed/chicago_quality_report.csv
2025-07-21 10:51:36,393 - INFO - \u2705 Cleaned data saved: data/processed/chicago_cleaned.csv
2025-07-21 10:51:36,423 - WARNING - \U0001f4c6 houston data is 3 days old (latest: 2025-07-18)
2025-07-21 10:51:36,424 - INFO - \U0001f4cb Quality report saved: data/processed/houston_quality_report.csv
2025-07-21 10:51:36,428 - INFO - \u2705 Cleaned data saved: data/processed/houston_cleaned.csv
2025-07-21 10:51:36,457 - WARNING - \U0001f4c6 new_york data is 3 days old (latest: 2025-07-18)
2025-07-21 10:51:36,458 - INFO - \U0001f4cb Quality report saved: data/processed/new_york_quality_report.csv
2025-07-21 10:51:36,462 - INFO - \u2705 Cleaned data saved: data/processed/new_york_cleaned.csv
2025-07-21 10:51:36,492 - WARNING - \U0001f4c6 phoenix data is 3 days old (latest: 2025-07-18)
2025-07-21 10:51:36,493 - INFO - \U0001f4cb Quality report saved: data/processed/phoenix_quality_report.csv
2025-07-21 10:51:36,497 - INFO - \u2705 Cleaned data saved: data/processed/phoenix_cleaned.csv
2025-07-21 10:51:36,527 - WARNING - \U0001f4c6 seattle data is 3 days old (latest: 2025-07-18)
2025-07-21 10:51:36,529 - INFO - \U0001f4cb Quality report saved: data/processed/seattle_quality_report.csv
2025-07-21 10:51:36,532 - INFO - \u2705 Cleaned data saved: data/processed/seattle_cleaned.csv
2025-07-21 10:51:36,532 - INFO - \U0001f3af Done! 5 cities processed.
2025-07-23 07:39:36,076 - INFO - \U0001f680 Starting full processing job
2025-07-23 07:39:36,181 - WARNING - \U0001f4c6 chicago data is 3 days old (latest: 2025-07-20)
2025-07-23 07:39:36,185 - INFO - \U0001f4cb Quality report saved: data/processed/chicago_quality_report.csv
2025-07-23 07:39:36,188 - INFO - \u2705 Cleaned data saved: data/processed/chicago_cleaned.csv
2025-07-23 07:39:36,219 - WARNING - \U0001f4c6 houston data is 3 days old (latest: 2025-07-20)
2025-07-23 07:39:36,221 - INFO - \U0001f4cb Quality report saved: data/processed/houston_quality_report.csv
2025-07-23 07:39:36,224 - INFO - \u2705 Cleaned data saved: data/processed/houston_cleaned.csv
2025-07-23 07:39:36,255 - WARNING - \U0001f4c6 new_york data is 3 days old (latest: 2025-07-20)
2025-07-23 07:39:36,256 - INFO - \U0001f4cb Quality report saved: data/processed/new_york_quality_report.csv
2025-07-23 07:39:36,293 - INFO - \u2705 Cleaned data saved: data/processed/new_york_cleaned.csv
2025-07-23 07:39:36,332 - WARNING - \U0001f4c6 phoenix data is 3 days old (latest: 2025-07-20)
2025-07-23 07:39:36,334 - INFO - \U0001f4cb Quality report saved: data/processed/phoenix_quality_report.csv
2025-07-23 07:39:36,337 - INFO - \u2705 Cleaned data saved: data/processed/phoenix_cleaned.csv
2025-07-23 07:39:36,369 - WARNING - \U0001f4c6 seattle data is 3 days old (latest: 2025-07-20)
2025-07-23 07:39:36,371 - INFO - \U0001f4cb Quality report saved: data/processed/seattle_quality_report.csv
2025-07-23 07:39:36,374 - INFO - \u2705 Cleaned data saved: data/processed/seattle_cleaned.csv
2025-07-23 07:39:36,375 - INFO - \U0001f3af Done! 5 cities processed.
2025-07-25 12:43:24,844 - INFO - \U0001f680 Starting full processing job
2025-07-25 12:43:24,900 - WARNING - \U0001f4c6 chicago data is 7 days old (latest: 2025-07-18)
2025-07-25 12:43:24,904 - INFO - \U0001f4cb Quality report saved: data/processed/chicago_quality_report.csv
2025-07-25 12:43:24,908 - INFO - \u2705 Cleaned data saved: data/processed/chicago_cleaned.csv
2025-07-25 12:43:24,939 - WARNING - \U0001f4c6 houston data is 5 days old (latest: 2025-07-20)
2025-07-25 12:43:24,940 - INFO - \U0001f4cb Quality report saved: data/processed/houston_quality_report.csv
2025-07-25 12:43:24,943 - INFO - \u2705 Cleaned data saved: data/processed/houston_cleaned.csv
2025-07-25 12:43:24,973 - WARNING - \U0001f4c6 new_york data is 7 days old (latest: 2025-07-18)
2025-07-25 12:43:24,974 - INFO - \U0001f4cb Quality report saved: data/processed/new_york_quality_report.csv
2025-07-25 12:43:24,977 - INFO - \u2705 Cleaned data saved: data/processed/new_york_cleaned.csv
2025-07-25 12:43:25,009 - WARNING - \U0001f4c6 phoenix data is 5 days old (latest: 2025-07-20)
2025-07-25 12:43:25,010 - INFO - \U0001f4cb Quality report saved: data/processed/phoenix_quality_report.csv
2025-07-25 12:43:25,013 - INFO - \u2705 Cleaned data saved: data/processed/phoenix_cleaned.csv
2025-07-25 12:43:25,043 - WARNING - \U0001f4c6 seattle data is 5 days old (latest: 2025-07-20)
2025-07-25 12:43:25,044 - INFO - \U0001f4cb Quality report saved: data/processed/seattle_quality_report.csv
2025-07-25 12:43:25,047 - INFO - \u2705 Cleaned data saved: data/processed/seattle_cleaned.csv
2025-07-25 12:43:25,047 - INFO - \U0001f3af Done! 5 cities processed.
2025-07-25 12:44:11,957 - INFO - \U0001f680 Starting full processing job
2025-07-25 12:44:11,975 - WARNING - \U0001f4c6 chicago data is 7 days old (latest: 2025-07-18)
2025-07-25 12:44:11,978 - INFO - \U0001f4cb Quality report saved: data/processed/chicago_quality_report.csv
2025-07-25 12:44:11,982 - INFO - \u2705 Cleaned data saved: data/processed/chicago_cleaned.csv
2025-07-25 12:44:11,996 - WARNING - \U0001f4c6 houston data is 5 days old (latest: 2025-07-20)
2025-07-25 12:44:11,998 - INFO - \U0001f4cb Quality report saved: data/processed/houston_quality_report.csv
2025-07-25 12:44:12,002 - INFO - \u2705 Cleaned data saved: data/processed/houston_cleaned.csv
2025-07-25 12:44:12,013 - WARNING - \U0001f4c6 new_york data is 7 days old (latest: 2025-07-18)
2025-07-25 12:44:12,015 - INFO - \U0001f4cb Quality report saved: data/processed/new_york_quality_report.csv
2025-07-25 12:44:12,019 - INFO - \u2705 Cleaned data saved: data/processed/new_york_cleaned.csv
2025-07-25 12:44:12,030 - WARNING - \U0001f4c6 phoenix data is 5 days old (latest: 2025-07-20)
2025-07-25 12:44:12,032 - INFO - \U0001f4cb Quality report saved: data/processed/phoenix_quality_report.csv
2025-07-25 12:44:12,035 - INFO - \u2705 Cleaned data saved: data/processed/phoenix_cleaned.csv
2025-07-25 12:44:12,047 - WARNING - \U0001f4c6 seattle data is 5 days old (latest: 2025-07-20)
2025-07-25 12:44:12,049 - INFO - \U0001f4cb Quality report saved: data/processed/seattle_quality_report.csv
2025-07-25 12:44:12,053 - INFO - \u2705 Cleaned data saved: data/processed/seattle_cleaned.csv
2025-07-25 12:44:12,053 - INFO - \U0001f3af Done! 5 cities processed.
2025-07-25 12:51:10,482 - INFO - \U0001f680 Starting full processing job
2025-07-25 12:51:10,511 - WARNING - \U0001f4c6 chicago data is 7 days old (latest: 2025-07-18)
2025-07-25 12:51:10,532 - INFO - \U0001f4cb Quality report saved: data/processed/chicago_quality_report.csv
2025-07-25 12:51:10,535 - INFO - \u2705 Cleaned data saved: data/processed/chicago_cleaned.csv
2025-07-25 12:51:10,549 - WARNING - \U0001f4c6 houston data is 5 days old (latest: 2025-07-20)
2025-07-25 12:51:10,551 - INFO - \U0001f4cb Quality report saved: data/processed/houston_quality_report.csv
2025-07-25 12:51:10,554 - INFO - \u2705 Cleaned data saved: data/processed/houston_cleaned.csv
2025-07-25 12:51:10,566 - WARNING - \U0001f4c6 new_york data is 7 days old (latest: 2025-07-18)
2025-07-25 12:51:10,567 - INFO - \U0001f4cb Quality report saved: data/processed/new_york_quality_report.csv
2025-07-25 12:51:10,570 - INFO - \u2705 Cleaned data saved: data/processed/new_york_cleaned.csv
2025-07-25 12:51:10,582 - WARNING - \U0001f4c6 phoenix data is 5 days old (latest: 2025-07-20)
2025-07-25 12:51:10,583 - INFO - \U0001f4cb Quality report saved: data/processed/phoenix_quality_report.csv
2025-07-25 12:51:10,586 - INFO - \u2705 Cleaned data saved: data/processed/phoenix_cleaned.csv
2025-07-25 12:51:10,598 - WARNING - \U0001f4c6 seattle data is 5 days old (latest: 2025-07-20)
2025-07-25 12:51:10,599 - INFO - \U0001f4cb Quality report saved: data/processed/seattle_quality_report.csv
2025-07-25 12:51:10,602 - INFO - \u2705 Cleaned data saved: data/processed/seattle_cleaned.csv
2025-07-25 12:51:10,602 - INFO - \U0001f3af Done! 5 cities processed.
2025-07-25 12:59:07,374 - INFO - \U0001f680 Starting full processing job
2025-07-25 12:59:07,403 - WARNING - \U0001f4c6 chicago data is 7 days old (latest: 2025-07-18)
2025-07-25 12:59:07,406 - INFO - \U0001f4cb Quality report saved: data/processed/chicago_quality_report.csv
2025-07-25 12:59:07,409 - INFO - \u2705 Cleaned data saved: data/processed/chicago_cleaned.csv
2025-07-25 12:59:07,440 - WARNING - \U0001f4c6 houston data is 3 days old (latest: 2025-07-22)
2025-07-25 12:59:07,441 - INFO - \U0001f4cb Quality report saved: data/processed/houston_quality_report.csv
2025-07-25 12:59:07,445 - INFO - \u2705 Cleaned data saved: data/processed/houston_cleaned.csv
2025-07-25 12:59:07,469 - WARNING - \U0001f4c6 new_york data is 7 days old (latest: 2025-07-18)
2025-07-25 12:59:07,470 - INFO - \U0001f4cb Quality report saved: data/processed/new_york_quality_report.csv
2025-07-25 12:59:07,473 - INFO - \u2705 Cleaned data saved: data/processed/new_york_cleaned.csv
2025-07-25 12:59:07,504 - WARNING - \U0001f4c6 phoenix data is 3 days old (latest: 2025-07-22)
2025-07-25 12:59:07,506 - INFO - \U0001f4cb Quality report saved: data/processed/phoenix_quality_report.csv
2025-07-25 12:59:07,509 - INFO - \u2705 Cleaned data saved: data/processed/phoenix_cleaned.csv
2025-07-25 12:59:07,538 - WARNING - \U0001f4c6 seattle data is 3 days old (latest: 2025-07-22)
2025-07-25 12:59:07,540 - INFO - \U0001f4cb Quality report saved: data/processed/seattle_quality_report.csv
2025-07-25 12:59:07,543 - INFO - \u2705 Cleaned data saved: data/processed/seattle_cleaned.csv
2025-07-25 12:59:07,543 - INFO - \U0001f3af Done! 5 cities processed.
2025-07-25 13:08:16,236 - INFO - \U0001f680 Starting full processing job
2025-07-25 13:08:16,263 - WARNING - \U0001f4c6 chicago data is 7 days old (latest: 2025-07-18)
2025-07-25 13:08:16,266 - INFO - \U0001f4cb Quality report saved: data/processed/chicago_quality_report.csv
2025-07-25 13:08:16,269 - INFO - \u2705 Cleaned data saved: data/processed/chicago_cleaned.csv
2025-07-25 13:08:16,291 - WARNING - \U0001f4c6 houston data is 3 days old (latest: 2025-07-22)
2025-07-25 13:08:16,292 - INFO - \U0001f4cb Quality report saved: data/processed/houston_quality_report.csv
2025-07-25 13:08:16,295 - INFO - \u2705 Cleaned data saved: data/processed/houston_cleaned.csv
2025-07-25 13:08:16,316 - WARNING - \U0001f4c6 new_york data is 7 days old (latest: 2025-07-18)
2025-07-25 13:08:16,317 - INFO - \U0001f4cb Quality report saved: data/processed/new_york_quality_report.csv
2025-07-25 13:08:16,320 - INFO - \u2705 Cleaned data saved: data/processed/new_york_cleaned.csv
2025-07-25 13:08:16,341 - WARNING - \U0001f4c6 phoenix data is 3 days old (latest: 2025-07-22)
2025-07-25 13:08:16,343 - INFO - \U0001f4cb Quality report saved: data/processed/phoenix_quality_report.csv
2025-07-25 13:08:16,346 - INFO - \u2705 Cleaned data saved: data/processed/phoenix_cleaned.csv
2025-07-25 13:08:16,359 - WARNING - \U0001f4c6 seattle data is 3 days old (latest: 2025-07-22)
2025-07-25 13:08:16,361 - INFO - \U0001f4cb Quality report saved: data/processed/seattle_quality_report.csv
2025-07-25 13:08:16,382 - INFO - \u2705 Cleaned data saved: data/processed/seattle_cleaned.csv
2025-07-25 13:08:16,382 - INFO - \U0001f3af Done! 5 cities processed.
2025-07-25 13:10:10,854 - INFO - \U0001f680 Starting full processing job
2025-07-25 13:10:10,883 - WARNING - \U0001f4c6 chicago data is 7 days old (latest: 2025-07-18)
2025-07-25 13:10:10,886 - INFO - \U0001f4cb Quality report saved: data/processed/chicago_quality_report.csv
2025-07-25 13:10:10,889 - INFO - \u2705 Cleaned data saved: data/processed/chicago_cleaned.csv
2025-07-25 13:10:10,913 - WARNING - \U0001f4c6 houston data is 3 days old (latest: 2025-07-22)
2025-07-25 13:10:10,915 - INFO - \U0001f4cb Quality report saved: data/processed/houston_quality_report.csv
2025-07-25 13:10:10,918 - INFO - \u2705 Cleaned data saved: data/processed/houston_cleaned.csv
2025-07-25 13:10:10,940 - WARNING - \U0001f4c6 new_york data is 7 days old (latest: 2025-07-18)
2025-07-25 13:10:10,941 - INFO - \U0001f4cb Quality report saved: data/processed/new_york_quality_report.csv
2025-07-25 13:10:10,944 - INFO - \u2705 Cleaned data saved: data/processed/new_york_cleaned.csv
2025-07-25 13:10:10,965 - WARNING - \U0001f4c6 phoenix data is 3 days old (latest: 2025-07-22)
2025-07-25 13:10:10,967 - INFO - \U0001f4cb Quality report saved: data/processed/phoenix_quality_report.csv
2025-07-25 13:10:10,969 - INFO - \u2705 Cleaned data saved: data/processed/phoenix_cleaned.csv
2025-07-25 13:10:10,982 - WARNING - \U0001f4c6 seattle data is 3 days old (latest: 2025-07-22)
2025-07-25 13:10:10,984 - INFO - \U0001f4cb Quality report saved: data/processed/seattle_quality_report.csv
2025-07-25 13:10:10,986 - INFO - \u2705 Cleaned data saved: data/processed/seattle_cleaned.csv
2025-07-25 13:10:10,986 - INFO - \U0001f3af Done! 5 cities processed.
2025-07-26 04:50:34,268 - INFO - \U0001f680 Starting full processing job
2025-07-26 04:50:34,317 - WARNING - \U0001f4c6 chicago data is 3 days old (latest: 2025-07-23)
2025-07-26 04:50:34,321 - INFO - \U0001f4cb Quality report saved: data/processed/chicago_quality_report.csv
2025-07-26 04:50:34,324 - INFO - \u2705 Cleaned data saved: data/processed/chicago_cleaned.csv
2025-07-26 04:50:34,356 - WARNING - \U0001f4c6 houston data is 3 days old (latest: 2025-07-23)
2025-07-26 04:50:34,358 - INFO - \U0001f4cb Quality report saved: data/processed/houston_quality_report.csv
2025-07-26 04:50:34,362 - INFO - \u2705 Cleaned data saved: data/processed/houston_cleaned.csv
2025-07-26 04:50:34,391 - WARNING - \U0001f4c6 new_york data is 3 days old (latest: 2025-07-23)
2025-07-26 04:50:34,393 - INFO - \U0001f4cb Quality report saved: data/processed/new_york_quality_report.csv
2025-07-26 04:50:34,397 - INFO - \u2705 Cleaned data saved: data/processed/new_york_cleaned.csv
2025-07-26 04:50:34,429 - WARNING - \U0001f4c6 phoenix data is 3 days old (latest: 2025-07-23)
2025-07-26 04:50:34,431 - INFO - \U0001f4cb Quality report saved: data/processed/phoenix_quality_report.csv
2025-07-26 04:50:34,434 - INFO - \u2705 Cleaned data saved: data/processed/phoenix_cleaned.csv
2025-07-26 04:50:34,466 - WARNING - \U0001f4c6 seattle data is 3 days old (latest: 2025-07-23)
2025-07-26 04:50:34,467 - INFO - \U0001f4cb Quality report saved: data/processed/seattle_quality_report.csv
2025-07-26 04:50:34,470 - INFO - \u2705 Cleaned data saved: data/processed/seattle_cleaned.csv
2025-07-26 04:50:34,470 - INFO - \U0001f3af Done! 5 cities processed.
2025-07-26 04:51:57,619 - INFO - \U0001f680 Starting full processing job
2025-07-26 04:51:57,649 - WARNING - \U0001f4c6 chicago data is 3 days old (latest: 2025-07-23)
2025-07-26 04:51:57,653 - INFO - \U0001f4cb Quality report saved: data/processed/chicago_quality_report.csv
2025-07-26 04:51:57,657 - INFO - \u2705 Cleaned data saved: data/processed/chicago_cleaned.csv
2025-07-26 04:51:57,680 - WARNING - \U0001f4c6 houston data is 3 days old (latest: 2025-07-23)
2025-07-26 04:51:57,682 - INFO - \U0001f4cb Quality report saved: data/processed/houston_quality_report.csv
2025-07-26 04:51:57,685 - INFO - \u2705 Cleaned data saved: data/processed/houston_cleaned.csv
2025-07-26 04:51:57,710 - WARNING - \U0001f4c6 new_york data is 3 days old (latest: 2025-07-23)
2025-07-26 04:51:57,712 - INFO - \U0001f4cb Quality report saved: data/processed/new_york_quality_report.csv
2025-07-26 04:51:57,715 - INFO - \u2705 Cleaned data saved: data/processed/new_york_cleaned.csv
2025-07-26 04:51:57,738 - WARNING - \U0001f4c6 phoenix data is 3 days old (latest: 2025-07-23)
2025-07-26 04:51:57,740 - INFO - \U0001f4cb Quality report saved: data/processed/phoenix_quality_report.csv
2025-07-26 04:51:57,743 - INFO - \u2705 Cleaned data saved: data/processed/phoenix_cleaned.csv
2025-07-26 04:51:57,757 - WARNING - \U0001f4c6 seattle data is 3 days old (latest: 2025-07-23)
2025-07-26 04:51:57,759 - INFO - \U0001f4cb Quality report saved: data/processed/seattle_quality_report.csv
2025-07-26 04:51:57,761 - INFO - \u2705 Cleaned data saved: data/processed/seattle_cleaned.csv
2025-07-26 04:51:57,762 - INFO - \U0001f3af Done! 5 cities processed.
2025-07-26 05:03:00,641 - INFO - \U0001f680 Starting full processing job
2025-07-26 05:03:00,676 - WARNING - \U0001f4c6 chicago data is 3 days old (latest: 2025-07-23)
2025-07-26 05:03:00,679 - INFO - \U0001f4cb Quality report saved: data/processed/chicago_quality_report.csv
2025-07-26 05:03:00,683 - INFO - \u2705 Cleaned data saved: data/processed/chicago_cleaned.csv
2025-07-26 05:03:00,712 - WARNING - \U0001f4c6 houston data is 3 days old (latest: 2025-07-23)
2025-07-26 05:03:00,714 - INFO - \U0001f4cb Quality report saved: data/processed/houston_quality_report.csv
2025-07-26 05:03:00,717 - INFO - \u2705 Cleaned data saved: data/processed/houston_cleaned.csv
2025-07-26 05:03:00,753 - WARNING - \U0001f4c6 new_york data is 3 days old (latest: 2025-07-23)
2025-07-26 05:03:00,755 - INFO - \U0001f4cb Quality report saved: data/processed/new_york_quality_report.csv
2025-07-26 05:03:00,760 - INFO - \u2705 Cleaned data saved: data/processed/new_york_cleaned.csv
2025-07-26 05:03:00,788 - WARNING - \U0001f4c6 phoenix data is 3 days old (latest: 2025-07-23)
2025-07-26 05:03:00,790 - INFO - \U0001f4cb Quality report saved: data/processed/phoenix_quality_report.csv
2025-07-26 05:03:00,793 - INFO - \u2705 Cleaned data saved: data/processed/phoenix_cleaned.csv
2025-07-26 05:03:00,809 - WARNING - \U0001f4c6 seattle data is 3 days old (latest: 2025-07-23)
2025-07-26 05:03:00,811 - INFO - \U0001f4cb Quality report saved: data/processed/seattle_quality_report.csv
2025-07-26 05:03:00,817 - INFO - \u2705 Cleaned data saved: data/processed/seattle_cleaned.csv
2025-07-26 05:03:00,817 - INFO - \U0001f3af Done! 5 cities processed.
2025-07-26 05:06:32,709 - INFO - \U0001f680 Starting full processing job
2025-07-26 05:06:32,738 - WARNING - \U0001f4c6 chicago data is 3 days old (latest: 2025-07-23)
2025-07-26 05:06:32,741 - INFO - \U0001f4cb Quality report saved: data/processed/chicago_quality_report.csv
2025-07-26 05:06:32,745 - INFO - \u2705 Cleaned data saved: data/processed/chicago_cleaned.csv
2025-07-26 05:06:32,768 - WARNING - \U0001f4c6 houston data is 3 days old (latest: 2025-07-23)
2025-07-26 05:06:32,770 - INFO - \U0001f4cb Quality report saved: data/processed/houston_quality_report.csv
2025-07-26 05:06:32,774 - INFO - \u2705 Cleaned data saved: data/processed/houston_cleaned.csv
2025-07-26 05:06:32,797 - WARNING - \U0001f4c6 new_york data is 3 days old (latest: 2025-07-23)
2025-07-26 05:06:32,799 - INFO - \U0001f4cb Quality report saved: data/processed/new_york_quality_report.csv
2025-07-26 05:06:32,802 - INFO - \u2705 Cleaned data saved: data/processed/new_york_cleaned.csv
2025-07-26 05:06:32,825 - WARNING - \U0001f4c6 phoenix data is 3 days old (latest: 2025-07-23)
2025-07-26 05:06:32,826 - INFO - \U0001f4cb Quality report saved: data/processed/phoenix_quality_report.csv
2025-07-26 05:06:32,830 - INFO - \u2705 Cleaned data saved: data/processed/phoenix_cleaned.csv
2025-07-26 05:06:32,844 - WARNING - \U0001f4c6 seattle data is 3 days old (latest: 2025-07-23)
2025-07-26 05:06:32,845 - INFO - \U0001f4cb Quality report saved: data/processed/seattle_quality_report.csv
2025-07-26 05:06:32,848 - INFO - \u2705 Cleaned data saved: data/processed/seattle_cleaned.csv
2025-07-26 05:06:32,848 - INFO - \U0001f3af Done! 5 cities processed.
2025-07-26 05:17:12,600 - INFO - \U0001f680 Starting full processing job
2025-07-26 05:17:12,631 - WARNING - \U0001f4c6 chicago data is 3 days old (latest: 2025-07-23)
2025-07-26 05:17:12,635 - INFO - \U0001f4cb Quality report saved: data/processed/chicago_quality_report.csv
2025-07-26 05:17:12,638 - INFO - \u2705 Cleaned data saved: data/processed/chicago_cleaned.csv
2025-07-26 05:17:12,661 - WARNING - \U0001f4c6 houston data is 3 days old (latest: 2025-07-23)
2025-07-26 05:17:12,662 - INFO - \U0001f4cb Quality report saved: data/processed/houston_quality_report.csv
2025-07-26 05:17:12,665 - INFO - \u2705 Cleaned data saved: data/processed/houston_cleaned.csv
2025-07-26 05:17:12,688 - WARNING - \U0001f4c6 new_york data is 3 days old (latest: 2025-07-23)
2025-07-26 05:17:12,690 - INFO - \U0001f4cb Quality report saved: data/processed/new_york_quality_report.csv
2025-07-26 05:17:12,693 - INFO - \u2705 Cleaned data saved: data/processed/new_york_cleaned.csv
2025-07-26 05:17:12,714 - WARNING - \U0001f4c6 phoenix data is 3 days old (latest: 2025-07-23)
2025-07-26 05:17:12,716 - INFO - \U0001f4cb Quality report saved: data/processed/phoenix_quality_report.csv
2025-07-26 05:17:12,719 - INFO - \u2705 Cleaned data saved: data/processed/phoenix_cleaned.csv
2025-07-26 05:17:12,733 - WARNING - \U0001f4c6 seattle data is 3 days old (latest: 2025-07-23)
2025-07-26 05:17:12,734 - INFO - \U0001f4cb Quality report saved: data/processed/seattle_quality_report.csv
2025-07-26 05:17:12,737 - INFO - \u2705 Cleaned data saved: data/processed/seattle_cleaned.csv
2025-07-26 05:17:12,737 - INFO - \U0001f3af Done! 5 cities processed.
2025-07-26 05:51:13,130 - INFO - \U0001f680 Starting full processing job
2025-07-26 05:51:13,176 - WARNING - \U0001f4c6 chicago data is 3 days old (latest: 2025-07-23)
2025-07-26 05:51:13,180 - INFO - \U0001f4cb Quality report saved: data/processed/chicago_quality_report.csv
2025-07-26 05:51:13,184 - INFO - \u2705 Cleaned data saved: data/processed/chicago_cleaned.csv
2025-07-26 05:51:13,211 - WARNING - \U0001f4c6 houston data is 3 days old (latest: 2025-07-23)
2025-07-26 05:51:13,213 - INFO - \U0001f4cb Quality report saved: data/processed/houston_quality_report.csv
2025-07-26 05:51:13,217 - INFO - \u2705 Cleaned data saved: data/processed/houston_cleaned.csv
2025-07-26 05:51:13,245 - WARNING - \U0001f4c6 new_york data is 3 days old (latest: 2025-07-23)
2025-07-26 05:51:13,247 - INFO - \U0001f4cb Quality report saved: data/processed/new_york_quality_report.csv
2025-07-26 05:51:13,252 - INFO - \u2705 Cleaned data saved: data/processed/new_york_cleaned.csv
2025-07-26 05:51:13,329 - WARNING - \U0001f4c6 phoenix data is 3 days old (latest: 2025-07-23)
2025-07-26 05:51:13,332 - INFO - \U0001f4cb Quality report saved: data/processed/phoenix_quality_report.csv
2025-07-26 05:51:13,352 - INFO - \u2705 Cleaned data saved: data/processed/phoenix_cleaned.csv
2025-07-26 05:51:13,381 - WARNING - \U0001f4c6 seattle data is 3 days old (latest: 2025-07-23)
2025-07-26 05:51:13,384 - INFO - \U0001f4cb Quality report saved: data/processed/seattle_quality_report.csv
2025-07-26 05:51:13,399 - INFO - \u2705 Cleaned data saved: data/processed/seattle_cleaned.csv
2025-07-26 05:51:13,399 - INFO - \U0001f3af Done! 5 cities processed.
2025-07-26 06:19:42,339 - INFO - \U0001f680 Starting full processing job
2025-07-26 06:19:42,371 - WARNING - \U0001f4c6 chicago data is 3 days old (latest: 2025-07-23)
2025-07-26 06:19:42,375 - INFO - \U0001f4cb Quality report saved: data/processed/chicago_quality_report.csv
2025-07-26 06:19:42,379 - INFO - \u2705 Cleaned data saved: data/processed/chicago_cleaned.csv
2025-07-26 06:19:42,409 - WARNING - \U0001f4c6 houston data is 3 days old (latest: 2025-07-23)
2025-07-26 06:19:42,411 - INFO - \U0001f4cb Quality report saved: data/processed/houston_quality_report.csv
2025-07-26 06:19:42,414 - INFO - \u2705 Cleaned data saved: data/processed/houston_cleaned.csv
2025-07-26 06:19:42,436 - WARNING - \U0001f4c6 new_york data is 3 days old (latest: 2025-07-23)
2025-07-26 06:19:42,437 - INFO - \U0001f4cb Quality report saved: data/processed/new_york_quality_report.csv
2025-07-26 06:19:42,440 - INFO - \u2705 Cleaned data saved: data/processed/new_york_cleaned.csv
2025-07-26 06:19:42,460 - WARNING - \U0001f4c6 phoenix data is 3 days old (latest: 2025-07-23)
2025-07-26 06:19:42,462 - INFO - \U0001f4cb Quality report saved: data/processed/phoenix_quality_report.csv
2025-07-26 06:19:42,465 - INFO - \u2705 Cleaned data saved: data/processed/phoenix_cleaned.csv
2025-07-26 06:19:42,486 - WARNING - \U0001f4c6 seattle data is 3 days old (latest: 2025-07-23)
2025-07-26 06:19:42,488 - INFO - \U0001f4cb Quality report saved: data/processed/seattle_quality_report.csv
2025-07-26 06:19:42,491 - INFO - \u2705 Cleaned data saved: data/processed/seattle_cleaned.csv
2025-07-26 06:19:42,491 - INFO - \U0001f3af Done! 5 cities processed.
2025-07-26 06:29:13,607 - INFO - \U0001f680 Starting full processing job
2025-07-26 06:29:13,654 - WARNING - \U0001f4c6 chicago data is 3 days old (latest: 2025-07-23)
2025-07-26 06:29:13,660 - INFO - \U0001f4cb Quality report saved: data/processed/chicago_quality_report.csv
2025-07-26 06:29:13,666 - INFO - \u2705 Cleaned data saved: data/processed/chicago_cleaned.csv
2025-07-26 06:29:13,698 - WARNING - \U0001f4c6 houston data is 3 days old (latest: 2025-07-23)
2025-07-26 06:29:13,703 - INFO - \U0001f4cb Quality report saved: data/processed/houston_quality_report.csv
2025-07-26 06:29:13,709 - INFO - \u2705 Cleaned data saved: data/processed/houston_cleaned.csv
2025-07-26 06:29:13,739 - WARNING - \U0001f4c6 new_york data is 3 days old (latest: 2025-07-23)
2025-07-26 06:29:13,742 - INFO - \U0001f4cb Quality report saved: data/processed/new_york_quality_report.csv
2025-07-26 06:29:13,750 - INFO - \u2705 Cleaned data saved: data/processed/new_york_cleaned.csv
2025-07-26 06:29:13,781 - WARNING - \U0001f4c6 phoenix data is 3 days old (latest: 2025-07-23)
2025-07-26 06:29:13,783 - INFO - \U0001f4cb Quality report saved: data/processed/phoenix_quality_report.csv
2025-07-26 06:29:13,788 - INFO - \u2705 Cleaned data saved: data/processed/phoenix_cleaned.csv
2025-07-26 06:29:13,826 - WARNING - \U0001f4c6 seattle data is 3 days old (latest: 2025-07-23)
2025-07-26 06:29:13,828 - INFO - \U0001f4cb Quality report saved: data/processed/seattle_quality_report.csv
2025-07-26 06:29:13,834 - INFO - \u2705 Cleaned data saved: data/processed/seattle_cleaned.csv
2025-07-26 06:29:13,834 - INFO - \U0001f3af Done! 5 cities processed.
2025-07-26 06:38:13,009 - INFO - \U0001f680 Starting full processing job
2025-07-26 06:38:13,036 - WARNING - \U0001f4c6 chicago data is 3 days old (latest: 2025-07-23)
2025-07-26 06:38:13,039 - INFO - \U0001f4cb Quality report saved: data/processed/chicago_quality_report.csv
2025-07-26 06:38:13,043 - INFO - \u2705 Cleaned data saved: data/processed/chicago_cleaned.csv
2025-07-26 06:38:13,067 - WARNING - \U0001f4c6 houston data is 3 days old (latest: 2025-07-23)
2025-07-26 06:38:13,069 - INFO - \U0001f4cb Quality report saved: data/processed/houston_quality_report.csv
2025-07-26 06:38:13,072 - INFO - \u2705 Cleaned data saved: data/processed/houston_cleaned.csv
2025-07-26 06:38:13,095 - WARNING - \U0001f4c6 new_york data is 3 days old (latest: 2025-07-23)
2025-07-26 06:38:13,097 - INFO - \U0001f4cb Quality report saved: data/processed/new_york_quality_report.csv
2025-07-26 06:38:13,100 - INFO - \u2705 Cleaned data saved: data/processed/new_york_cleaned.csv
2025-07-26 06:38:13,121 - WARNING - \U0001f4c6 phoenix data is 3 days old (latest: 2025-07-23)
2025-07-26 06:38:13,123 - INFO - \U0001f4cb Quality report saved: data/processed/phoenix_quality_report.csv
2025-07-26 06:38:13,126 - INFO - \u2705 Cleaned data saved: data/processed/phoenix_cleaned.csv
2025-07-26 06:38:13,139 - WARNING - \U0001f4c6 seattle data is 3 days old (latest: 2025-07-23)
2025-07-26 06:38:13,141 - INFO - \U0001f4cb Quality report saved: data/processed/seattle_quality_report.csv
2025-07-26 06:38:13,144 - INFO - \u2705 Cleaned data saved: data/processed/seattle_cleaned.csv
2025-07-26 06:38:13,144 - INFO - \U0001f3af Done! 5 cities processed.
2025-07-26 10:44:13,574 - INFO - \U0001f680 Starting full processing job
2025-07-26 10:44:13,615 - WARNING - \U0001f4c6 chicago data is 3 days old (latest: 2025-07-23)
2025-07-26 10:44:13,619 - INFO - \U0001f4cb Quality report saved: data/processed/chicago_quality_report.csv
2025-07-26 10:44:13,625 - INFO - \u2705 Cleaned data saved: data/processed/chicago_cleaned.csv
2025-07-26 10:44:13,683 - WARNING - \U0001f4c6 houston data is 3 days old (latest: 2025-07-23)
2025-07-26 10:44:13,686 - INFO - \U0001f4cb Quality report saved: data/processed/houston_quality_report.csv
2025-07-26 10:44:13,696 - INFO - \u2705 Cleaned data saved: data/processed/houston_cleaned.csv
2025-07-26 10:44:13,747 - WARNING - \U0001f4c6 new_york data is 3 days old (latest: 2025-07-23)
2025-07-26 10:44:13,750 - INFO - \U0001f4cb Quality report saved: data/processed/new_york_quality_report.csv
2025-07-26 10:44:13,761 - INFO - \u2705 Cleaned data saved: data/processed/new_york_cleaned.csv
2025-07-26 10:44:13,815 - WARNING - \U0001f4c6 phoenix data is 3 days old (latest: 2025-07-23)
2025-07-26 10:44:13,818 - INFO - \U0001f4cb Quality report saved: data/processed/phoenix_quality_report.csv
2025-07-26 10:44:13,831 - INFO - \u2705 Cleaned data saved: data/processed/phoenix_cleaned.csv
2025-07-26 10:44:13,876 - WARNING - \U0001f4c6 seattle data is 3 days old (latest: 2025-07-23)
2025-07-26 10:44:13,878 - INFO - \U0001f4cb Quality report saved: data/processed/seattle_quality_report.csv
2025-07-26 10:44:13,882 - INFO - \u2705 Cleaned data saved: data/processed/seattle_cleaned.csv
2025-07-26 10:44:13,882 - INFO - \U0001f3af Done! 5 cities processed.
